cat <<'EOF' |
LAST_UPDATED: Obtained from SVN: branches/gcc-4_3-branch revision 

Native configuration is i686-pc-linux-gnu

		=== gcc tests ===


Running target unix
FAIL: gcc.dg/c99-tgmath-1.c (test for excess errors)
FAIL: gcc.dg/c99-tgmath-2.c (test for excess errors)
ERROR: gcc.dg/c99-tgmath-2.c: error executing dg-final: couldn't open "c99-tgmath-2.s": no such file or directory
FAIL: gcc.dg/c99-tgmath-3.c (test for excess errors)
ERROR: gcc.dg/c99-tgmath-3.c: error executing dg-final: couldn't open "c99-tgmath-3.s": no such file or directory
FAIL: gcc.dg/c99-tgmath-4.c (test for excess errors)
ERROR: gcc.dg/c99-tgmath-4.c: error executing dg-final: couldn't open "c99-tgmath-4.s": no such file or directory

		=== gcc Summary ===

# of expected passes		50528
# of unexpected failures	4
# of expected failures		170
# of untested testcases		35
# of unsupported tests		277
/var/tmp/portage/sys-devel/gcc-4.3.6-r13/work/build/gcc/xgcc  version 4.3.6 (Gentoo 4.3.6-r13) 

		=== gfortran tests ===


Running target unix
FAIL: gfortran.dg/array_constructor_23.f  -O3 -fomit-frame-pointer  execution test
FAIL: gfortran.dg/array_constructor_23.f  -O3 -fomit-frame-pointer -funroll-loops  execution test
FAIL: gfortran.dg/array_constructor_23.f  -O3 -fomit-frame-pointer -funroll-all-loops -finline-functions  execution test
FAIL: gfortran.dg/array_constructor_23.f  -O3 -g  execution test
FAIL: gfortran.dg/elemental_subroutine_7.f90  -O0  execution test
FAIL: gfortran.dg/elemental_subroutine_7.f90  -O1  execution test
FAIL: gfortran.dg/elemental_subroutine_7.f90  -O2  execution test
FAIL: gfortran.dg/elemental_subroutine_7.f90  -O3 -fomit-frame-pointer  execution test
FAIL: gfortran.dg/elemental_subroutine_7.f90  -O3 -fomit-frame-pointer -funroll-loops  execution test
FAIL: gfortran.dg/elemental_subroutine_7.f90  -O3 -fomit-frame-pointer -funroll-all-loops -finline-functions  execution test
FAIL: gfortran.dg/elemental_subroutine_7.f90  -O3 -g  execution test
FAIL: gfortran.dg/elemental_subroutine_7.f90  -Os  execution test
FAIL: gfortran.dg/fmt_l.f90  -O0  output pattern test
FAIL: gfortran.dg/fmt_l.f90  -O1  output pattern test
FAIL: gfortran.dg/fmt_l.f90  -O2  output pattern test
FAIL: gfortran.dg/fmt_l.f90  -O3 -fomit-frame-pointer  output pattern test
FAIL: gfortran.dg/fmt_l.f90  -O3 -fomit-frame-pointer -funroll-loops  output pattern test
FAIL: gfortran.dg/fmt_l.f90  -O3 -fomit-frame-pointer -funroll-all-loops -finline-functions  output pattern test
FAIL: gfortran.dg/fmt_l.f90  -O3 -g  output pattern test
FAIL: gfortran.dg/fmt_l.f90  -Os  output pattern test

		=== gfortran Summary ===

# of expected passes		25685
# of unexpected failures	20
# of expected failures		3
# of unsupported tests		24
/var/tmp/portage/sys-devel/gcc-4.3.6-r13/work/build/gcc/gfortran  version 4.3.6 (Gentoo 4.3.6-r13) 

		=== g++ tests ===


Running target unix
FAIL: g++.dg/eh/forced1.C (test for excess errors)
UNRESOLVED: g++.dg/eh/forced1.C compilation failed to produce executable
FAIL: g++.dg/other/anon5.C (test for excess errors)
FAIL: g++.old-deja/g++.eh/terminate2.C (test for excess errors)
UNRESOLVED: g++.old-deja/g++.eh/terminate2.C compilation failed to produce executable

		=== g++ Summary ===

# of expected passes		17824
# of unexpected failures	3
# of expected failures		92
# of unresolved testcases	2
# of unsupported tests		89
/var/tmp/portage/sys-devel/gcc-4.3.6-r13/work/build/gcc/g++  version 4.3.6 (Gentoo 4.3.6-r13) 

		=== obj-c++ tests ===


Running target unix
UNRESOLVED: obj-c++.dg/lookup-2.mm compilation failed to produce executable
UNRESOLVED: obj-c++.dg/try-catch-2.mm compilation failed to produce executable
UNRESOLVED: obj-c++.dg/try-catch-9.mm compilation failed to produce executable

		=== obj-c++ Summary ===

# of expected passes		437
# of expected failures		9
# of unresolved testcases	3
# of unsupported tests		13
/var/tmp/portage/sys-devel/gcc-4.3.6-r13/work/build/gcc/g++  version 4.3.6 (Gentoo 4.3.6-r13) 

		=== objc tests ===


Running target unix

		=== objc Summary ===

# of expected passes		1832
# of expected failures		7
# of unsupported tests		24
/var/tmp/portage/sys-devel/gcc-4.3.6-r13/work/build/gcc/xgcc  version 4.3.6 (Gentoo 4.3.6-r13) 

		=== libgomp tests ===


Running target unix

		=== libgomp Summary ===

# of expected passes		1763
		=== libstdc++ tests ===


Running target unix
FAIL: 20_util/shared_ptr/cons/weak_ptr_expired.cc (test for excess errors)
UNRESOLVED: 20_util/shared_ptr/cons/weak_ptr_expired.cc compilation failed to produce executable
FAIL: tr1/2_general_utilities/shared_ptr/cons/weak_ptr_expired.cc (test for excess errors)
UNRESOLVED: tr1/2_general_utilities/shared_ptr/cons/weak_ptr_expired.cc compilation failed to produce executable

		=== libstdc++ Summary ===

# of expected passes		4944
# of unexpected failures	2
# of expected failures		58
# of unresolved testcases	2
# of unsupported tests		326

Compiler version: 4.3.6 (Gentoo 4.3.6-r13) 
Platform: i686-pc-linux-gnu
configure flags: --host=i686-pc-linux-gnu --build=i686-pc-linux-gnu --prefix=/usr --bindir=/usr/i686-pc-linux-gnu/gcc-bin/4.3.6 --includedir=/usr/lib/gcc/i686-pc-linux-gnu/4.3.6/include --datadir=/usr/share/gcc-data/i686-pc-linux-gnu/4.3.6 --mandir=/usr/share/gcc-data/i686-pc-linux-gnu/4.3.6/man --infodir=/usr/share/gcc-data/i686-pc-linux-gnu/4.3.6/info --with-gxx-include-dir=/usr/lib/gcc/i686-pc-linux-gnu/4.3.6/include/g++-v4 --enable-languages=c,c++,objc,obj-c++,fortran --enable-obsolete --enable-secureplt --with-system-zlib --enable-werror --enable-nls --without-included-gettext --enable-checking=release --with-bugurl=https://bugs.gentoo.org/ --with-pkgversion='Gentoo 4.3.6-r13' --disable-libstdcxx-pch --enable-shared --enable-threads=posix --enable-__cxa_atexit --enable-clocale=gnu --disable-multilib --disable-fixed-point --with-arch=i686 --enable-targets=all --disable-libgcj --enable-libgomp --disable-libssp --disable-libmudflap --with-as=/usr/i686-pc-linux-gnu/binutils-bin/2.38/as --with-ld=/usr/i686-pc-linux-gnu/binutils-bin/2.38/ld
EOF
Mail -s "Results for 4.3.6 (Gentoo 4.3.6-r13) testsuite on i686-pc-linux-gnu" gcc-testresults@gcc.gnu.org &&
mv /var/tmp/portage/sys-devel/gcc-4.3.6-r13/work/build/./gcc/testsuite/gcc/gcc.sum /var/tmp/portage/sys-devel/gcc-4.3.6-r13/work/build/./gcc/testsuite/gcc/gcc.sum.sent &&
mv /var/tmp/portage/sys-devel/gcc-4.3.6-r13/work/build/./gcc/testsuite/gfortran/gfortran.sum /var/tmp/portage/sys-devel/gcc-4.3.6-r13/work/build/./gcc/testsuite/gfortran/gfortran.sum.sent &&
mv /var/tmp/portage/sys-devel/gcc-4.3.6-r13/work/build/./gcc/testsuite/g++/g++.sum /var/tmp/portage/sys-devel/gcc-4.3.6-r13/work/build/./gcc/testsuite/g++/g++.sum.sent &&
mv /var/tmp/portage/sys-devel/gcc-4.3.6-r13/work/build/./gcc/testsuite/obj-c++/obj-c++.sum /var/tmp/portage/sys-devel/gcc-4.3.6-r13/work/build/./gcc/testsuite/obj-c++/obj-c++.sum.sent &&
mv /var/tmp/portage/sys-devel/gcc-4.3.6-r13/work/build/./gcc/testsuite/objc/objc.sum /var/tmp/portage/sys-devel/gcc-4.3.6-r13/work/build/./gcc/testsuite/objc/objc.sum.sent &&
mv /var/tmp/portage/sys-devel/gcc-4.3.6-r13/work/build/./i686-pc-linux-gnu/libgomp/testsuite/libgomp.sum /var/tmp/portage/sys-devel/gcc-4.3.6-r13/work/build/./i686-pc-linux-gnu/libgomp/testsuite/libgomp.sum.sent &&
mv /var/tmp/portage/sys-devel/gcc-4.3.6-r13/work/build/./i686-pc-linux-gnu/libstdc++-v3/testsuite/libstdc++.sum /var/tmp/portage/sys-devel/gcc-4.3.6-r13/work/build/./i686-pc-linux-gnu/libstdc++-v3/testsuite/libstdc++.sum.sent &&
mv /var/tmp/portage/sys-devel/gcc-4.3.6-r13/work/build/./gcc/testsuite/gcc/gcc.log /var/tmp/portage/sys-devel/gcc-4.3.6-r13/work/build/./gcc/testsuite/gcc/gcc.log.sent &&
mv /var/tmp/portage/sys-devel/gcc-4.3.6-r13/work/build/./gcc/testsuite/gfortran/gfortran.log /var/tmp/portage/sys-devel/gcc-4.3.6-r13/work/build/./gcc/testsuite/gfortran/gfortran.log.sent &&
mv /var/tmp/portage/sys-devel/gcc-4.3.6-r13/work/build/./gcc/testsuite/g++/g++.log /var/tmp/portage/sys-devel/gcc-4.3.6-r13/work/build/./gcc/testsuite/g++/g++.log.sent &&
mv /var/tmp/portage/sys-devel/gcc-4.3.6-r13/work/build/./gcc/testsuite/obj-c++/obj-c++.log /var/tmp/portage/sys-devel/gcc-4.3.6-r13/work/build/./gcc/testsuite/obj-c++/obj-c++.log.sent &&
mv /var/tmp/portage/sys-devel/gcc-4.3.6-r13/work/build/./gcc/testsuite/objc/objc.log /var/tmp/portage/sys-devel/gcc-4.3.6-r13/work/build/./gcc/testsuite/objc/objc.log.sent &&
mv /var/tmp/portage/sys-devel/gcc-4.3.6-r13/work/build/./i686-pc-linux-gnu/libgomp/testsuite/libgomp.log /var/tmp/portage/sys-devel/gcc-4.3.6-r13/work/build/./i686-pc-linux-gnu/libgomp/testsuite/libgomp.log.sent &&
mv /var/tmp/portage/sys-devel/gcc-4.3.6-r13/work/build/./i686-pc-linux-gnu/libstdc++-v3/testsuite/libstdc++.log /var/tmp/portage/sys-devel/gcc-4.3.6-r13/work/build/./i686-pc-linux-gnu/libstdc++-v3/testsuite/libstdc++.log.sent &&
true
