cat <<'EOF' |
LAST_UPDATED: Obtained from SVN: tags/gcc_4_1_2_release revision 121944

Native configuration is armv5tel-softfloat-linux-gnueabi

		=== libstdc++ tests ===


Running target unix
FAIL: 27_io/objects/char/6.cc execution test
FAIL: 27_io/objects/wchar_t/6.cc execution test
FAIL: ext/mt_allocator/deallocate_local_thread-5.cc execution test
FAIL: ext/mt_allocator/deallocate_local_thread-7.cc execution test
FAIL: thread/18185.cc execution test

		=== libstdc++ Summary ===

# of expected passes		3395
# of unexpected failures	5
# of expected failures		12
# of unsupported tests		324
		=== gcc tests ===


Running target unix

		=== gcc Summary ===

# of expected passes		38329
# of expected failures		77
# of untested testcases		28
# of unsupported tests		318
/var/tmp/portage/sys-devel/gcc-4.1.2-r15/work/build/gcc/xgcc  version 4.1.2 (Gentoo 4.1.2-r15)

		=== gfortran tests ===


Running target unix
FAIL: gfortran.dg/assumed_charlen_in_main.f90  -O   (test for errors, line 23)
FAIL: gfortran.dg/assumed_charlen_in_main.f90  -O  (test for excess errors)
FAIL: gfortran.dg/hollerith.f90  -O0   (test for warnings, line 47)
FAIL: gfortran.dg/hollerith.f90  -O0  (test for excess errors)
FAIL: gfortran.dg/hollerith.f90  -O1   (test for warnings, line 47)
FAIL: gfortran.dg/hollerith.f90  -O1  (test for excess errors)
FAIL: gfortran.dg/hollerith.f90  -O2   (test for warnings, line 47)
FAIL: gfortran.dg/hollerith.f90  -O2  (test for excess errors)
FAIL: gfortran.dg/impure_actual_1.f90  -O   (test for errors, line 21)
FAIL: gfortran.dg/impure_actual_1.f90  -O  (test for excess errors)
FAIL: gfortran.dg/namelist_14.f90  -O0  execution test
FAIL: gfortran.dg/null_1.f90  -O   (test for errors, line 16)
FAIL: gfortran.dg/null_1.f90  -O  (test for excess errors)
FAIL: gfortran.dg/secnds.f  -O2  execution test

		=== gfortran Summary ===

# of expected passes		13711
# of unexpected failures	14
# of expected failures		4
# of unsupported tests		98
/var/tmp/portage/sys-devel/gcc-4.1.2-r15/work/build/gcc/gfortran  version 4.1.2 (Gentoo 4.1.2-r15)

		=== g++ tests ===


Running target unix
FAIL: g++.dg/abi/local1.C execution test
XPASS: g++.old-deja/g++.other/init5.C execution test

		=== g++ Summary ===

# of expected passes		12438
# of unexpected failures	1
# of unexpected successes	1
# of expected failures		67
# of unsupported tests		107
/var/tmp/portage/sys-devel/gcc-4.1.2-r15/work/build/gcc/g++  version 4.1.2 (Gentoo 4.1.2-r15)

		=== obj-c++ tests ===


Running target unix
FAIL: obj-c++.dg/basic.mm (test for excess errors)
UNRESOLVED: obj-c++.dg/basic.mm compilation failed to produce executable
FAIL: obj-c++.dg/bitfield-1.mm (test for excess errors)
UNRESOLVED: obj-c++.dg/bitfield-1.mm compilation failed to produce executable
FAIL: obj-c++.dg/bitfield-2.mm (test for excess errors)
UNRESOLVED: obj-c++.dg/bitfield-2.mm compilation failed to produce executable
FAIL: obj-c++.dg/bitfield-4.mm (test for excess errors)
UNRESOLVED: obj-c++.dg/bitfield-4.mm compilation failed to produce executable
FAIL: obj-c++.dg/class-protocol-1.mm (test for excess errors)
FAIL: obj-c++.dg/comp-types-11.mm  (test for warnings, line 19)
FAIL: obj-c++.dg/comp-types-11.mm  (test for warnings, line 25)
FAIL: obj-c++.dg/comp-types-11.mm (test for excess errors)
FAIL: obj-c++.dg/comp-types-12.mm  (test for warnings, line 10)
FAIL: obj-c++.dg/comp-types-12.mm (test for excess errors)
FAIL: obj-c++.dg/comp-types-2.mm (test for excess errors)
FAIL: obj-c++.dg/comp-types-3.mm (test for excess errors)
FAIL: obj-c++.dg/comp-types-4.mm (test for excess errors)
FAIL: obj-c++.dg/comp-types-5.mm (test for excess errors)
FAIL: obj-c++.dg/comp-types-6.mm (test for excess errors)
FAIL: obj-c++.dg/comp-types-7.mm (test for excess errors)
FAIL: obj-c++.dg/comp-types-9.mm (test for excess errors)
FAIL: obj-c++.dg/cxx-ivars-1.mm (test for excess errors)
UNRESOLVED: obj-c++.dg/cxx-ivars-1.mm compilation failed to produce executable
FAIL: obj-c++.dg/cxx-ivars-2.mm (test for excess errors)
UNRESOLVED: obj-c++.dg/cxx-ivars-2.mm compilation failed to produce executable
FAIL: obj-c++.dg/cxx-scope-1.mm (test for excess errors)
UNRESOLVED: obj-c++.dg/cxx-scope-1.mm compilation failed to produce executable
FAIL: obj-c++.dg/cxx-scope-2.mm (test for excess errors)
FAIL: obj-c++.dg/defs.mm (test for excess errors)
UNRESOLVED: obj-c++.dg/defs.mm compilation failed to produce executable
FAIL: obj-c++.dg/encode-3.mm (test for excess errors)
UNRESOLVED: obj-c++.dg/encode-3.mm compilation failed to produce executable
FAIL: obj-c++.dg/encode-4.mm (test for excess errors)
UNRESOLVED: obj-c++.dg/encode-4.mm compilation failed to produce executable
FAIL: obj-c++.dg/encode-5.mm (test for excess errors)
UNRESOLVED: obj-c++.dg/encode-5.mm compilation failed to produce executable
FAIL: obj-c++.dg/encode-6.mm (test for excess errors)
UNRESOLVED: obj-c++.dg/encode-6.mm compilation failed to produce executable
FAIL: obj-c++.dg/encode-7.mm (test for excess errors)
FAIL: obj-c++.dg/encode-8.mm (test for excess errors)
UNRESOLVED: obj-c++.dg/encode-8.mm compilation failed to produce executable
FAIL: obj-c++.dg/except-1.mm (test for excess errors)
UNRESOLVED: obj-c++.dg/except-1.mm compilation failed to produce executable
FAIL: obj-c++.dg/extern-c-1.mm (test for excess errors)
FAIL: obj-c++.dg/gnu-runtime-1.mm (test for excess errors)
FAIL: obj-c++.dg/gnu-runtime-2.mm (test for excess errors)
FAIL: obj-c++.dg/gnu-runtime-3.mm (test for excess errors)
UNRESOLVED: obj-c++.dg/gnu-runtime-3.mm compilation failed to produce executable
FAIL: obj-c++.dg/ivar-list-semi.mm (test for excess errors)
FAIL: obj-c++.dg/layout-1.mm (test for excess errors)
FAIL: obj-c++.dg/local-decl-1.mm (test for excess errors)
UNRESOLVED: obj-c++.dg/lookup-2.mm compilation failed to produce executable
FAIL: obj-c++.dg/method-1.mm (test for excess errors)
FAIL: obj-c++.dg/method-10.mm (test for excess errors)
UNRESOLVED: obj-c++.dg/method-10.mm compilation failed to produce executable
FAIL: obj-c++.dg/method-11.mm (test for excess errors)
ERROR: obj-c++.dg/method-11.mm: error executing dg-final: couldn't open "method-11.s": no such file or directory
FAIL: obj-c++.dg/method-12.mm (test for excess errors)
FAIL: obj-c++.dg/method-13.mm  (test for warnings, line 18)
FAIL: obj-c++.dg/method-13.mm  (test for warnings, line 18)
FAIL: obj-c++.dg/method-13.mm  (test for warnings, line 18)
FAIL: obj-c++.dg/method-13.mm  (test for warnings, line 18)
FAIL: obj-c++.dg/method-13.mm  (test for warnings, line 22)
FAIL: obj-c++.dg/method-13.mm  (test for warnings, line 8)
FAIL: obj-c++.dg/method-13.mm  (test for warnings, line 12)
FAIL: obj-c++.dg/method-13.mm (test for excess errors)
FAIL: obj-c++.dg/method-15.mm  (test for warnings, line 9)
FAIL: obj-c++.dg/method-15.mm  (test for warnings, line 17)
FAIL: obj-c++.dg/method-15.mm  (test for warnings, line 13)
FAIL: obj-c++.dg/method-15.mm  (test for warnings, line 33)
FAIL: obj-c++.dg/method-15.mm (test for excess errors)
FAIL: obj-c++.dg/method-16.mm (test for excess errors)
FAIL: obj-c++.dg/method-17.mm (test for excess errors)
UNRESOLVED: obj-c++.dg/method-17.mm compilation failed to produce executable
FAIL: obj-c++.dg/method-18.mm (test for excess errors)
FAIL: obj-c++.dg/method-19.mm (test for excess errors)
UNRESOLVED: obj-c++.dg/method-19.mm compilation failed to produce executable
FAIL: obj-c++.dg/method-2.mm (test for excess errors)
FAIL: obj-c++.dg/method-21.mm (test for excess errors)
FAIL: obj-c++.dg/method-3.mm (test for excess errors)
FAIL: obj-c++.dg/method-4.mm (test for excess errors)
FAIL: obj-c++.dg/method-5.mm (test for excess errors)
FAIL: obj-c++.dg/method-6.mm (test for excess errors)
FAIL: obj-c++.dg/no-extra-load.mm (test for excess errors)
ERROR: obj-c++.dg/no-extra-load.mm: error executing dg-final: couldn't open "no-extra-load.s": no such file or directory
FAIL: obj-c++.dg/private-1.mm (test for excess errors)
FAIL: obj-c++.dg/private-2.mm (test for excess errors)
FAIL: obj-c++.dg/proto-lossage-2.mm (test for excess errors)
FAIL: obj-c++.dg/proto-lossage-3.mm (test for excess errors)
UNRESOLVED: obj-c++.dg/proto-lossage-3.mm compilation failed to produce executable
FAIL: obj-c++.dg/proto-qual-1.mm (test for excess errors)
UNRESOLVED: obj-c++.dg/proto-qual-1.mm compilation failed to produce executable
FAIL: obj-c++.dg/qual-types-1.mm (test for excess errors)
UNRESOLVED: obj-c++.dg/qual-types-1.mm compilation failed to produce executable
FAIL: obj-c++.dg/selector-2.mm (test for excess errors)
FAIL: obj-c++.dg/selector-5.mm (test for excess errors)
ERROR: obj-c++.dg/selector-5.mm: error executing dg-final: couldn't open "selector-5.s": no such file or directory
FAIL: obj-c++.dg/selector-6.mm (test for excess errors)
ERROR: obj-c++.dg/selector-6.mm: error executing dg-final: couldn't open "selector-6.s": no such file or directory
FAIL: obj-c++.dg/super-class-1.mm (test for excess errors)
FAIL: obj-c++.dg/super-class-2.mm (test for excess errors)
FAIL: obj-c++.dg/template-1.mm (test for excess errors)
UNRESOLVED: obj-c++.dg/template-1.mm compilation failed to produce executable
FAIL: obj-c++.dg/template-3.mm (test for excess errors)
UNRESOLVED: obj-c++.dg/template-3.mm compilation failed to produce executable
FAIL: obj-c++.dg/template-4.mm (test for excess errors)
UNRESOLVED: obj-c++.dg/template-4.mm compilation failed to produce executable
FAIL: obj-c++.dg/try-catch-1.mm (test for excess errors)
FAIL: obj-c++.dg/try-catch-11.mm  (test for warnings, line 32)
FAIL: obj-c++.dg/try-catch-11.mm (test for excess errors)
UNRESOLVED: obj-c++.dg/try-catch-2.mm compilation failed to produce executable
FAIL: obj-c++.dg/try-catch-3.mm (test for excess errors)
FAIL: obj-c++.dg/try-catch-7.mm (test for excess errors)
FAIL: obj-c++.dg/try-catch-8.mm (test for excess errors)
UNRESOLVED: obj-c++.dg/try-catch-9.mm compilation failed to produce executable
FAIL: obj-c++.dg/typedef-alias-1.mm (test for excess errors)
FAIL: obj-c++.dg/va-meth-1.mm (test for excess errors)
UNRESOLVED: obj-c++.dg/va-meth-1.mm compilation failed to produce executable

		=== obj-c++ Summary ===

# of expected passes		323
# of unexpected failures	86
# of expected failures		4
# of unresolved testcases	28
# of unsupported tests		13
/var/tmp/portage/sys-devel/gcc-4.1.2-r15/work/build/gcc/g++  version 4.1.2 (Gentoo 4.1.2-r15)

		=== objc tests ===


Running target unix
FAIL: objc.dg/bitfield-1.m (test for excess errors)
UNRESOLVED: objc.dg/bitfield-1.m compilation failed to produce executable
FAIL: objc.dg/bitfield-3.m (test for excess errors)
UNRESOLVED: objc.dg/bitfield-3.m compilation failed to produce executable
FAIL: objc.dg/bitfield-5.m (test for excess errors)
UNRESOLVED: objc.dg/bitfield-5.m compilation failed to produce executable
FAIL: objc.dg/call-super-1.m (test for excess errors)
UNRESOLVED: objc.dg/call-super-1.m compilation failed to produce executable
FAIL: objc.dg/call-super-2.m  (test for warnings, line 49)
FAIL: objc.dg/call-super-2.m  (test for warnings, line 69)
FAIL: objc.dg/call-super-2.m  (test for warnings, line 73)
FAIL: objc.dg/call-super-2.m  (test for warnings, line 82)
FAIL: objc.dg/call-super-2.m  (test for warnings, line 98)
FAIL: objc.dg/call-super-2.m  (test for warnings, line 99)
FAIL: objc.dg/call-super-2.m  (test for warnings, line 103)
FAIL: objc.dg/call-super-2.m  (test for warnings, line 117)
FAIL: objc.dg/call-super-2.m  (test for warnings, line 118)
FAIL: objc.dg/call-super-2.m  (test for warnings, line 123)
FAIL: objc.dg/call-super-2.m  (test for warnings, line 131)
FAIL: objc.dg/call-super-2.m  (test for warnings, line 131)
FAIL: objc.dg/call-super-2.m  (test for warnings, line 135)
FAIL: objc.dg/call-super-2.m (test for excess errors)
FAIL: objc.dg/call-super-3.m (test for excess errors)
UNRESOLVED: objc.dg/call-super-3.m compilation failed to produce executable
FAIL: objc.dg/category-1.m (test for excess errors)
UNRESOLVED: objc.dg/category-1.m compilation failed to produce executable
FAIL: objc.dg/class-protocol-1.m (test for excess errors)
FAIL: objc.dg/comp-types-1.m (test for excess errors)
FAIL: objc.dg/comp-types-10.m  (test for warnings, line 19)
FAIL: objc.dg/comp-types-10.m (test for excess errors)
FAIL: objc.dg/comp-types-11.m  (test for warnings, line 10)
FAIL: objc.dg/comp-types-11.m (test for excess errors)
FAIL: objc.dg/comp-types-2.m (test for excess errors)
FAIL: objc.dg/comp-types-3.m (test for excess errors)
FAIL: objc.dg/comp-types-4.m (test for excess errors)
FAIL: objc.dg/comp-types-5.m (test for excess errors)
FAIL: objc.dg/comp-types-6.m (test for excess errors)
FAIL: objc.dg/comp-types-8.m (test for excess errors)
FAIL: objc.dg/defs.m (test for excess errors)
UNRESOLVED: objc.dg/defs.m compilation failed to produce executable
FAIL: objc.dg/desig-init-1.m (test for excess errors)
UNRESOLVED: objc.dg/desig-init-1.m compilation failed to produce executable
FAIL: objc.dg/encode-1.m (test for excess errors)
UNRESOLVED: objc.dg/encode-1.m compilation failed to produce executable
FAIL: objc.dg/encode-2.m (test for excess errors)
UNRESOLVED: objc.dg/encode-2.m compilation failed to produce executable
FAIL: objc.dg/encode-3.m (test for excess errors)
UNRESOLVED: objc.dg/encode-3.m compilation failed to produce executable
FAIL: objc.dg/encode-4.m (test for excess errors)
UNRESOLVED: objc.dg/encode-4.m compilation failed to produce executable
FAIL: objc.dg/encode-5.m (test for excess errors)
FAIL: objc.dg/func-ptr-1.m (test for excess errors)
UNRESOLVED: objc.dg/func-ptr-1.m compilation failed to produce executable
FAIL: objc.dg/func-ptr-2.m (test for excess errors)
UNRESOLVED: objc.dg/func-ptr-2.m compilation failed to produce executable
FAIL: objc.dg/gnu-runtime-1.m (test for excess errors)
FAIL: objc.dg/gnu-runtime-2.m (test for excess errors)
FAIL: objc.dg/headers.m (test for excess errors)
FAIL: objc.dg/layout-1.m (test for excess errors)
FAIL: objc.dg/local-decl-2.m (test for excess errors)
FAIL: objc.dg/method-10.m (test for excess errors)
UNRESOLVED: objc.dg/method-10.m compilation failed to produce executable
FAIL: objc.dg/method-11.m (test for excess errors)
FAIL: objc.dg/method-12.m (test for excess errors)
FAIL: objc.dg/method-13.m (test for excess errors)
UNRESOLVED: objc.dg/method-13.m compilation failed to produce executable
FAIL: objc.dg/method-15.m (test for excess errors)
FAIL: objc.dg/method-16.m (test for excess errors)
FAIL: objc.dg/method-17.m (test for excess errors)
FAIL: objc.dg/method-18.m (test for excess errors)
FAIL: objc.dg/method-19.m (test for excess errors)
FAIL: objc.dg/method-3.m (test for excess errors)
UNRESOLVED: objc.dg/method-3.m compilation failed to produce executable
FAIL: objc.dg/method-4.m (test for excess errors)
ERROR: objc.dg/method-4.m: error executing dg-final: couldn't open "method-4.s": no such file or directory
FAIL: objc.dg/method-6.m (test for excess errors)
FAIL: objc.dg/method-7.m  (test for warnings, line 20)
FAIL: objc.dg/method-7.m  (test for warnings, line 20)
FAIL: objc.dg/method-7.m  (test for warnings, line 20)
FAIL: objc.dg/method-7.m  (test for warnings, line 20)
FAIL: objc.dg/method-7.m  (test for warnings, line 10)
FAIL: objc.dg/method-7.m (test for excess errors)
FAIL: objc.dg/method-9.m  (test for warnings, line 11)
FAIL: objc.dg/method-9.m  (test for warnings, line 35)
FAIL: objc.dg/method-9.m (test for excess errors)
FAIL: objc.dg/missing-proto-3.m (test for excess errors)
FAIL: objc.dg/private-1.m (test for excess errors)
FAIL: objc.dg/private-2.m (test for excess errors)
FAIL: objc.dg/proto-lossage-2.m (test for excess errors)
FAIL: objc.dg/proto-lossage-3.m (test for excess errors)
UNRESOLVED: objc.dg/proto-lossage-3.m compilation failed to produce executable
FAIL: objc.dg/proto-qual-1.m (test for excess errors)
UNRESOLVED: objc.dg/proto-qual-1.m compilation failed to produce executable
FAIL: objc.dg/selector-2.m (test for excess errors)
FAIL: objc.dg/sizeof-1.m (test for excess errors)
UNRESOLVED: objc.dg/sizeof-1.m compilation failed to produce executable
FAIL: objc.dg/stret-1.m (test for excess errors)
UNRESOLVED: objc.dg/stret-1.m compilation failed to produce executable
FAIL: objc.dg/super-class-3.m (test for excess errors)
UNRESOLVED: objc.dg/super-class-3.m compilation failed to produce executable
FAIL: objc.dg/super-class-4.m (test for excess errors)
FAIL: objc.dg/sync-1.m (test for excess errors)
FAIL: objc.dg/try-catch-1.m (test for excess errors)
FAIL: objc.dg/try-catch-10.m (test for excess errors)
FAIL: objc.dg/try-catch-3.m (test for excess errors)
FAIL: objc.dg/try-catch-6.m (test for excess errors)
FAIL: objc.dg/try-catch-7.m (test for excess errors)
FAIL: objc.dg/type-size-2.m (test for excess errors)
UNRESOLVED: objc.dg/type-size-2.m compilation failed to produce executable
FAIL: objc.dg/type-stream-1.m (test for excess errors)
UNRESOLVED: objc.dg/type-stream-1.m compilation failed to produce executable
FAIL: objc.dg/typedef-alias-1.m (test for excess errors)
FAIL: objc.dg/undeclared-selector.m  (test for warnings, line 24)
FAIL: objc.dg/undeclared-selector.m  (test for warnings, line 43)
FAIL: objc.dg/undeclared-selector.m (test for excess errors)
FAIL: objc.dg/va-meth-1.m (test for excess errors)
UNRESOLVED: objc.dg/va-meth-1.m compilation failed to produce executable
FAIL: objc.dg/zero-link-1.m (test for excess errors)
ERROR: objc.dg/zero-link-1.m: error executing dg-final: couldn't open "zero-link-1.s": no such file or directory
FAIL: objc.dg/zero-link-2.m (test for excess errors)
ERROR: objc.dg/zero-link-2.m: error executing dg-final: couldn't open "zero-link-2.s": no such file or directory
FAIL: objc.dg/special/unclaimed-category-1.m unclaimed-category-1a.o (test for excess errors)
UNRESOLVED: objc.dg/special/unclaimed-category-1.m unclaimed-category-1a.o compilation failed to produce executable

		=== objc Summary ===

# of expected passes		420
# of unexpected failures	94
# of unresolved testcases	26
# of unsupported tests		22
/var/tmp/portage/sys-devel/gcc-4.1.2-r15/work/build/gcc/xgcc  version 4.1.2 (Gentoo 4.1.2-r15)


Compiler version: 4.1.2 (Gentoo 4.1.2-r15) 
Platform: armv5tel-softfloat-linux-gnueabi
configure flags: --host=armv5tel-softfloat-linux-gnueabi --build=armv5tel-softfloat-linux-gnueabi --prefix=/usr --bindir=/usr/armv5tel-softfloat-linux-gnueabi/gcc-bin/4.1.2 --includedir=/usr/lib/gcc/armv5tel-softfloat-linux-gnueabi/4.1.2/include --datadir=/usr/share/gcc-data/armv5tel-softfloat-linux-gnueabi/4.1.2 --mandir=/usr/share/gcc-data/armv5tel-softfloat-linux-gnueabi/4.1.2/man --infodir=/usr/share/gcc-data/armv5tel-softfloat-linux-gnueabi/4.1.2/info --with-gxx-include-dir=/usr/lib/gcc/armv5tel-softfloat-linux-gnueabi/4.1.2/include/g++-v4 --enable-obsolete --enable-secureplt --with-system-zlib --enable-werror --enable-nls --without-included-gettext --enable-checking=release --disable-libstdcxx-pch --enable-shared --enable-threads=posix --enable-__cxa_atexit --enable-clocale=gnu --disable-multilib --with-float=soft --with-arch=armv5t --disable-libgcj --disable-libssp --disable-libmudflap --with-as=/usr/armv5tel-softfloat-linux-gnueabi/binutils-bin/2.38/as --with-ld=/usr/armv5tel-softfloat-linux-gnueabi/binutils-bin/2.38/ld --enable-languages=c,c++,fortran,objc,obj-c++
EOF
Mail -s "Results for 4.1.2 (Gentoo 4.1.2-r15) testsuite on armv5tel-softfloat-linux-gnueabi" gcc-testresults@gcc.gnu.org &&
mv /var/tmp/portage/sys-devel/gcc-4.1.2-r15/work/build/./armv5tel-softfloat-linux-gnueabi/libstdc++-v3/testsuite/libstdc++.sum /var/tmp/portage/sys-devel/gcc-4.1.2-r15/work/build/./armv5tel-softfloat-linux-gnueabi/libstdc++-v3/testsuite/libstdc++.sum.sent &&
mv /var/tmp/portage/sys-devel/gcc-4.1.2-r15/work/build/./gcc/testsuite/gcc/gcc.sum /var/tmp/portage/sys-devel/gcc-4.1.2-r15/work/build/./gcc/testsuite/gcc/gcc.sum.sent &&
mv /var/tmp/portage/sys-devel/gcc-4.1.2-r15/work/build/./gcc/testsuite/gfortran/gfortran.sum /var/tmp/portage/sys-devel/gcc-4.1.2-r15/work/build/./gcc/testsuite/gfortran/gfortran.sum.sent &&
mv /var/tmp/portage/sys-devel/gcc-4.1.2-r15/work/build/./gcc/testsuite/g++/g++.sum /var/tmp/portage/sys-devel/gcc-4.1.2-r15/work/build/./gcc/testsuite/g++/g++.sum.sent &&
mv /var/tmp/portage/sys-devel/gcc-4.1.2-r15/work/build/./gcc/testsuite/obj-c++/obj-c++.sum /var/tmp/portage/sys-devel/gcc-4.1.2-r15/work/build/./gcc/testsuite/obj-c++/obj-c++.sum.sent &&
mv /var/tmp/portage/sys-devel/gcc-4.1.2-r15/work/build/./gcc/testsuite/objc/objc.sum /var/tmp/portage/sys-devel/gcc-4.1.2-r15/work/build/./gcc/testsuite/objc/objc.sum.sent &&
mv /var/tmp/portage/sys-devel/gcc-4.1.2-r15/work/build/./armv5tel-softfloat-linux-gnueabi/libstdc++-v3/testsuite/libstdc++.log /var/tmp/portage/sys-devel/gcc-4.1.2-r15/work/build/./armv5tel-softfloat-linux-gnueabi/libstdc++-v3/testsuite/libstdc++.log.sent &&
mv /var/tmp/portage/sys-devel/gcc-4.1.2-r15/work/build/./gcc/testsuite/gcc/gcc.log /var/tmp/portage/sys-devel/gcc-4.1.2-r15/work/build/./gcc/testsuite/gcc/gcc.log.sent &&
mv /var/tmp/portage/sys-devel/gcc-4.1.2-r15/work/build/./gcc/testsuite/gfortran/gfortran.log /var/tmp/portage/sys-devel/gcc-4.1.2-r15/work/build/./gcc/testsuite/gfortran/gfortran.log.sent &&
mv /var/tmp/portage/sys-devel/gcc-4.1.2-r15/work/build/./gcc/testsuite/g++/g++.log /var/tmp/portage/sys-devel/gcc-4.1.2-r15/work/build/./gcc/testsuite/g++/g++.log.sent &&
mv /var/tmp/portage/sys-devel/gcc-4.1.2-r15/work/build/./gcc/testsuite/obj-c++/obj-c++.log /var/tmp/portage/sys-devel/gcc-4.1.2-r15/work/build/./gcc/testsuite/obj-c++/obj-c++.log.sent &&
mv /var/tmp/portage/sys-devel/gcc-4.1.2-r15/work/build/./gcc/testsuite/objc/objc.log /var/tmp/portage/sys-devel/gcc-4.1.2-r15/work/build/./gcc/testsuite/objc/objc.log.sent &&
true
