cat <<'EOF' |
LAST_UPDATED: Obtained from git: releases/gcc-12.5.0 revision c17d40bb3778bca5e81595f033df9222b66658eb

Native configuration is mips64el-unknown-linux-gnu

		=== gcc tests ===


Running target unix/-mabi=32
FAIL: gcc.dg/analyzer/pr104308.c  (test for warnings, line 10)
FAIL: gcc.dg/analyzer/pr104308.c  (test for warnings, line 9)
FAIL: gcc.dg/atomic/c11-atomic-exec-5.c   -O0  execution test
FAIL: gcc.dg/atomic/c11-atomic-exec-5.c   -O1  execution test
FAIL: gcc.dg/atomic/c11-atomic-exec-5.c   -O2  execution test
FAIL: gcc.dg/atomic/c11-atomic-exec-5.c   -O2 -flto -fno-use-linker-plugin -flto-partition=none  execution test
FAIL: gcc.dg/atomic/c11-atomic-exec-5.c   -O2 -flto -fuse-linker-plugin -fno-fat-lto-objects  execution test
FAIL: gcc.dg/atomic/c11-atomic-exec-5.c   -O3 -fomit-frame-pointer -funroll-loops -fpeel-loops -ftracer -finline-functions  execution test
FAIL: gcc.dg/atomic/c11-atomic-exec-5.c   -O3 -g  execution test
FAIL: gcc.dg/atomic/c11-atomic-exec-5.c   -Os  execution test
FAIL: c-c++-common/patchable_function_entry-decl.c  -Wc++-compat   scan-assembler-times nop|NOP|SWYM 2
FAIL: c-c++-common/patchable_function_entry-default.c  -Wc++-compat   scan-assembler-times nop|NOP|SWYM 3
FAIL: c-c++-common/patchable_function_entry-definition.c  -Wc++-compat   scan-assembler-times nop|NOP|SWYM 1
FAIL: c-c++-common/spec-barrier-1.c  -Wc++-compat  (test for excess errors)
FAIL: gcc.dg/20021029-1.c scan-assembler-symbol-section symbol ^_?ar (found ar.0) has section ^\\\\.(const|rodata)|\\\\[RO\\\\] (found .text)
FAIL: gcc.dg/Wstringop-overread-2.c  (test for warnings, line 114)
FAIL: gcc.dg/Wstringop-overread-2.c  (test for warnings, line 115)
FAIL: gcc.dg/Wstringop-overread-2.c  (test for warnings, line 116)
FAIL: gcc.dg/Wstringop-overread-2.c  (test for warnings, line 84)
FAIL: gcc.dg/Wstringop-overread-2.c  (test for warnings, line 85)
FAIL: gcc.dg/Wstringop-overread-2.c  (test for warnings, line 86)
FAIL: gcc.dg/Wstringop-overread-2.c (internal compiler error: Segmentation fault signal terminated program cc1)
FAIL: gcc.dg/Wstringop-overread-2.c (test for excess errors)
FAIL: gcc.dg/Wstringop-overread-2.c strncmp (test for warnings, line 72)
FAIL: gcc.dg/Wstringop-overread-2.c strncmp (test for warnings, line 73)
FAIL: gcc.dg/Wstringop-overread-2.c strncmp (test for warnings, line 74)
FAIL: gcc.dg/array-quals-1.c scan-assembler-symbol-section symbol ^_?a\$ (found a) has section ^\\\\.(const|rodata|srodata|sdata)|\\\\[RO\\\\] (found .text)
FAIL: gcc.dg/array-quals-1.c scan-assembler-symbol-section symbol ^_?a1\$ (found a1) has section ^\\\\.(const|rodata|srodata|sdata)|\\\\[RO\\\\] (found .text)
FAIL: gcc.dg/array-quals-1.c scan-assembler-symbol-section symbol ^_?b\$ (found b) has section ^\\\\.(const|rodata|srodata|sdata)|\\\\[RO\\\\] (found .text)
FAIL: gcc.dg/array-quals-1.c scan-assembler-symbol-section symbol ^_?b1\$ (found b1) has section ^\\\\.(const|rodata|srodata|sdata)|\\\\[RO\\\\] (found .text)
FAIL: gcc.dg/array-quals-1.c scan-assembler-symbol-section symbol ^_?c\$ (found c) has section ^\\\\.(const|rodata|srodata|sdata)|\\\\[RO\\\\] (found .text)
FAIL: gcc.dg/array-quals-1.c scan-assembler-symbol-section symbol ^_?c1\$ (found c1) has section ^\\\\.(const|rodata|srodata|sdata)|\\\\[RO\\\\] (found .text)
FAIL: gcc.dg/array-quals-1.c scan-assembler-symbol-section symbol ^_?d\$ (found d) has section ^\\\\.(const|rodata|srodata|sdata)|\\\\[RO\\\\] (found .text)
FAIL: gcc.dg/array-quals-1.c scan-assembler-symbol-section symbol ^_?d1\$ (found d1) has section ^\\\\.(const|rodata|srodata|sdata)|\\\\[RO\\\\] (found .text)
FAIL: gcc.dg/array-quals-1.c scan-assembler-symbol-section symbol ^_?e\$ (found e) has section ^\\\\.(const|rodata|srodata|sdata)|\\\\[RO\\\\] (found .text)
FAIL: gcc.dg/array-quals-1.c scan-assembler-symbol-section symbol ^_?e1\$ (found e1) has section ^\\\\.(const|rodata|srodata|sdata)|\\\\[RO\\\\] (found .text)
FAIL: gcc.dg/array-quals-1.c scan-assembler-symbol-section symbol ^_?p\$ (found p) has section ^\\\\.(const|rodata|srodata|sdata)|\\\\[RW\\\\] (found .data.rel.ro.local)
FAIL: gcc.dg/array-quals-1.c scan-assembler-symbol-section symbol ^_?p1\$ (found p1) has section ^\\\\.(const|rodata|srodata|sdata)|\\\\[RW\\\\] (found .data.rel.ro.local)
FAIL: gcc.dg/array-quals-1.c scan-assembler-symbol-section symbol ^_?q\$ (found q) has section ^\\\\.(const|rodata|srodata|sdata)|\\\\[RW\\\\] (found .data.rel.ro.local)
FAIL: gcc.dg/array-quals-1.c scan-assembler-symbol-section symbol ^_?q1\$ (found q1) has section ^\\\\.(const|rodata|srodata|sdata)|\\\\[RW\\\\] (found .data.rel.ro.local)
FAIL: gcc.dg/array-quals-1.c scan-assembler-symbol-section symbol ^_?r\$ (found r) has section ^\\\\.(const|rodata|srodata|sdata)|\\\\[RW\\\\] (found .data.rel.ro.local)
FAIL: gcc.dg/array-quals-1.c scan-assembler-symbol-section symbol ^_?r1\$ (found r1) has section ^\\\\.(const|rodata|srodata|sdata)|\\\\[RW\\\\] (found .data.rel.ro.local)
FAIL: gcc.dg/array-quals-1.c scan-assembler-symbol-section symbol ^_?s\$ (found s) has section ^\\\\.(const|rodata|srodata|sdata)|\\\\[RW\\\\] (found .data.rel.ro.local)
FAIL: gcc.dg/array-quals-1.c scan-assembler-symbol-section symbol ^_?s1\$ (found s1) has section ^\\\\.(const|rodata|srodata|sdata)|\\\\[RW\\\\] (found .data.rel.ro.local)
FAIL: gcc.dg/array-quals-1.c scan-assembler-symbol-section symbol ^_?t\$ (found t) has section ^\\\\.(const|rodata|srodata|sdata)|\\\\[RW\\\\] (found .data.rel.ro.local)
FAIL: gcc.dg/array-quals-1.c scan-assembler-symbol-section symbol ^_?t1\$ (found t1) has section ^\\\\.(const|rodata|srodata|sdata)|\\\\[RW\\\\] (found .data.rel.ro.local)
FAIL: gcc.dg/cdce3.c scan-tree-dump cdce "cdce3.c:11: [^\\n\\r]* function call is shrink-wrapped into error conditions."
FAIL: gcc.dg/gcov-info-to-gcda.c (test for excess errors)
UNRESOLVED: gcc.dg/gcov-info-to-gcda.c compilation failed to produce executable
FAIL: gcc.dg/ifcvt-4.c scan-rtl-dump ce1 "2 true changes made"
FAIL: gcc.dg/nextafter-2.c execution test
FAIL: gcc.dg/pr84877.c execution test
FAIL: gcc.dg/uninit-pred-9_b.c bogus warning (test for bogus messages, line 20)
FAIL: c-c++-common/torture/complex-sign-mul-minus-one.c   -O0  execution test
FAIL: c-c++-common/torture/complex-sign-mul-minus-one.c   -Os  execution test
FAIL: c-c++-common/torture/complex-sign-mul-one.c   -O0  execution test
FAIL: c-c++-common/torture/complex-sign-mul-one.c   -Os  execution test
FAIL: c-c++-common/torture/complex-sign-mul.c   -O0  execution test
FAIL: c-c++-common/torture/complex-sign-mul.c   -Os  execution test
FAIL: gcc.dg/torture/float32-complex.c   -O0  execution test
FAIL: gcc.dg/torture/float32-complex.c   -Os  execution test
FAIL: gcc.dg/torture/pr91323.c   -O1  execution test
FAIL: gcc.dg/torture/pr91323.c   -O2  execution test
FAIL: gcc.dg/torture/pr91323.c   -O2 -flto -fno-use-linker-plugin -flto-partition=none  execution test
FAIL: gcc.dg/torture/pr91323.c   -O2 -flto -fuse-linker-plugin -fno-fat-lto-objects  execution test
FAIL: gcc.dg/torture/pr91323.c   -O3 -g  execution test
FAIL: gcc.dg/torture/pr91323.c   -Os  execution test
FAIL: gcc.target/mips/branch-cost-2.c   -Os   scan-assembler \\t(movz|movn)\\t
FAIL: gcc.target/mips/branch-cost-2.c   -Os   scan-assembler-not \\t(bne|beq)\\t
FAIL: gcc.target/mips/call-clobbered-3.c   -Os   scan-assembler-not mfc
FAIL: gcc.target/mips/call-clobbered-3.c   -Os   scan-assembler-not mtc
FAIL: gcc.target/mips/call-clobbered-3.c   -Os   scan-assembler-times lwc1 5
FAIL: gcc.target/mips/call-clobbered-3.c   -Os   scan-assembler-times swc1 3
FAIL: gcc.target/mips/call-clobbered-5.c   -Os   scan-assembler-not mfc
FAIL: gcc.target/mips/call-clobbered-5.c   -Os   scan-assembler-not mtc
FAIL: gcc.target/mips/call-clobbered-5.c   -Os   scan-assembler-times lwc1 3
FAIL: gcc.target/mips/call-clobbered-5.c   -Os   scan-assembler-times swc1 1
FAIL: gcc.target/mips/data-sym-multi-pool.c   -O0   scan-assembler \\t\\\\.type\\t(__pend_foo_[0-9]+), @function\\n\\\\1:\\n\\t\\\\.insn\\n.L[0-9]+:\\n
FAIL: gcc.target/mips/data-sym-multi-pool.c   -O1   scan-assembler \\t\\\\.type\\t(__pend_foo_[0-9]+), @function\\n\\\\1:\\n\\t\\\\.insn\\n.L[0-9]+:\\n
FAIL: gcc.target/mips/data-sym-multi-pool.c   -O2   scan-assembler \\t\\\\.type\\t(__pend_foo_[0-9]+), @function\\n\\\\1:\\n\\t\\\\.insn\\n.L[0-9]+:\\n
FAIL: gcc.target/mips/data-sym-multi-pool.c   -O3 -g   scan-assembler \\t\\\\.type\\t(__pend_foo_[0-9]+), @function\\n\\\\1:\\n\\t\\\\.insn\\n.L[0-9]+:\\n
FAIL: gcc.target/mips/data-sym-multi-pool.c   -Os   scan-assembler \\t\\\\.type\\t(__pend_foo_[0-9]+), @function\\n\\\\1:\\n\\t\\\\.insn\\n.L[0-9]+:\\n
FAIL: gcc.target/mips/ds-schedule-2.c   -O2   scan-assembler-times \\\\(foo\\\\) 2
FAIL: gcc.target/mips/ds-schedule-2.c   -O2 -flto -fno-use-linker-plugin -flto-partition=none   scan-assembler-times \\\\(foo\\\\) 2
FAIL: gcc.target/mips/ds-schedule-2.c   -O2 -flto -fuse-linker-plugin -fno-fat-lto-objects   scan-assembler-times \\\\(foo\\\\) 2
FAIL: gcc.target/mips/ds-schedule-2.c   -O3 -g   scan-assembler-times \\\\(foo\\\\) 2
FAIL: gcc.target/mips/dspr2-MULT.c   -O1   scan-assembler \\\\\$ac1
FAIL: gcc.target/mips/dspr2-MULT.c   -Os   scan-assembler \\\\\$ac1
FAIL: gcc.target/mips/dspr2-MULTU.c   -O1   scan-assembler \\\\\$ac1
FAIL: gcc.target/mips/dspr2-MULTU.c   -Os   scan-assembler \\\\\$ac1
FAIL: gcc.target/mips/fpr-moves-6.c   -O1   scan-assembler \\tdmtc1\\t\\\\\$10,\\\\\$f0\\n
FAIL: gcc.target/mips/fpr-moves-6.c   -O2   scan-assembler \\tdmtc1\\t\\\\\$10,\\\\\$f0\\n
FAIL: gcc.target/mips/fpr-moves-6.c   -O2 -flto -fno-use-linker-plugin -flto-partition=none   scan-assembler \\tdmtc1\\t\\\\\$10,\\\\\$f0\\n
FAIL: gcc.target/mips/fpr-moves-6.c   -O2 -flto -fuse-linker-plugin -fno-fat-lto-objects   scan-assembler \\tdmtc1\\t\\\\\$10,\\\\\$f0\\n
FAIL: gcc.target/mips/fpr-moves-6.c   -O3 -g   scan-assembler \\tdmtc1\\t\\\\\$10,\\\\\$f0\\n
FAIL: gcc.target/mips/fpr-moves-6.c   -Os   scan-assembler \\tdmtc1\\t\\\\\$10,\\\\\$f0\\n
FAIL: gcc.target/mips/frame-header-4.c   -O1   scan-assembler-not \\taddiu\\t\\\\\$sp
FAIL: gcc.target/mips/frame-header-4.c   -O2   scan-assembler-not \\taddiu\\t\\\\\$sp
FAIL: gcc.target/mips/frame-header-4.c   -O2 -flto -fno-use-linker-plugin -flto-partition=none   scan-assembler-not \\taddiu\\t\\\\\$sp
FAIL: gcc.target/mips/frame-header-4.c   -O2 -flto -fuse-linker-plugin -fno-fat-lto-objects   scan-assembler-not \\taddiu\\t\\\\\$sp
FAIL: gcc.target/mips/frame-header-4.c   -O3 -g   scan-assembler-not \\taddiu\\t\\\\\$sp
FAIL: gcc.target/mips/frame-header-4.c   -Os   scan-assembler-not \\taddiu\\t\\\\\$sp
FAIL: gcc.target/mips/insn-pseudo-1.c   -O3 -g   scan-assembler \\tbeqz\\t\\\\\$[0-9]+,(.L[0-9]+)\\n.*\\n\\\\1:\\n\\t\\\\.insn\\n(?:.L[0-9]+ = \\\\.\\n)?\\t\\\\.end\\tunreachable\\n
FAIL: gcc.target/mips/insn-pseudo-2.c   -O3 -g   scan-assembler \\tbeqz\\t\\\\\$[0-9]+,(.L[0-9]+)\\n.*\\n\\\\1:\\n\\t\\\\.insn\\n(?:.L[0-9]+ = \\\\.\\n)?\\t\\\\.end\\tunreachable\\n
FAIL: gcc.target/mips/insn-pseudo-3.c   -O3 -g   scan-assembler \\tbeqz\\t\\\\\$[0-9]+,(.L[0-9]+)\\n.*\\n\\\\1:\\n\\t\\\\.insn\\n(?:.L[0-9]+ = \\\\.\\n)?\\t\\\\.end\\tunreachable\\n
FAIL: gcc.target/mips/insn-pseudo-4.c   -O3 -g   scan-assembler \\tlw\\t(\\\\\$[0-9]+),(.L[0-9]+)\\n.*\\tbeqz\\t\\\\1,(.L[0-9]+)\\n.*\\n\\\\3:\\n\\t\\\\.insn\\n(?:.L[0-9]+ = \\\\.\\n)?\\t\\\\.type\\t__pool_unreachable_[0-9]+, @object\\n__pool_unreachable_[0-9]+:\\n\\t\\\\.align\\t2\\n\\\\2:\\n\\t\\\\.word\\t305419896\\n
FAIL: gcc.target/mips/loongson-dctz.c   -O0   scan-assembler dctz\\t
FAIL: gcc.target/mips/loongson-dctz.c   -O1   scan-assembler dctz\\t
FAIL: gcc.target/mips/loongson-dctz.c   -O2   scan-assembler dctz\\t
FAIL: gcc.target/mips/loongson-dctz.c   -O2 -flto -fno-use-linker-plugin -flto-partition=none   scan-assembler dctz\\t
FAIL: gcc.target/mips/loongson-dctz.c   -O2 -flto -fuse-linker-plugin -fno-fat-lto-objects   scan-assembler dctz\\t
FAIL: gcc.target/mips/loongson-dctz.c   -O3 -g   scan-assembler dctz\\t
FAIL: gcc.target/mips/loongson-dctz.c   -Os   scan-assembler dctz\\t
FAIL: gcc.target/mips/lxc1-sxc1-2.c   -O1   scan-assembler \\tldxc1\\t
FAIL: gcc.target/mips/lxc1-sxc1-2.c   -O2   scan-assembler \\tldxc1\\t
FAIL: gcc.target/mips/lxc1-sxc1-2.c   -O2 -flto -fno-use-linker-plugin -flto-partition=none   scan-assembler \\tldxc1\\t
FAIL: gcc.target/mips/lxc1-sxc1-2.c   -O2 -flto -fuse-linker-plugin -fno-fat-lto-objects   scan-assembler \\tldxc1\\t
FAIL: gcc.target/mips/lxc1-sxc1-2.c   -O3 -fomit-frame-pointer -funroll-loops -fpeel-loops -ftracer -finline-functions   scan-assembler \\tldxc1\\t
FAIL: gcc.target/mips/lxc1-sxc1-2.c   -O3 -g   scan-assembler \\tldxc1\\t
FAIL: gcc.target/mips/lxc1-sxc1-2.c   -Os   scan-assembler \\tldxc1\\t
FAIL: gcc.target/mips/mips-builtins-pure.c   -O3 -g   scan-assembler-times ld 1
FAIL: gcc.target/mips/msa-builtins.c   -Os   scan-assembler-times msa_bnz_b:.*li\\t\\\\\$\\\\d+,1.*bnz\\\\.b.*msa_bnz_b|msa_bnz_b:.*bz\\\\.b.*li\\t\\\\\$\\\\d+,1.*msa_bnz_b 1
FAIL: gcc.target/mips/msa-builtins.c   -Os   scan-assembler-times msa_bnz_d:.*li\\t\\\\\$\\\\d+,1.*bnz\\\\.d.*msa_bnz_d|msa_bnz_d:.*bz\\\\.d.*li\\t\\\\\$\\\\d+,1.*msa_bnz_d 1
FAIL: gcc.target/mips/msa-builtins.c   -Os   scan-assembler-times msa_bnz_h:.*li\\t\\\\\$\\\\d+,1.*bnz\\\\.h.*msa_bnz_h|msa_bnz_h:.*bz\\\\.h.*li\\t\\\\\$\\\\d+,1.*msa_bnz_h 1
FAIL: gcc.target/mips/msa-builtins.c   -Os   scan-assembler-times msa_bnz_v:.*li\\t\\\\\$\\\\d+,1.*bnz\\\\.v.*msa_bnz_v|msa_bnz_v:.*bz\\\\.v.*li\\t\\\\\$\\\\d+,1.*msa_bnz_v 1
FAIL: gcc.target/mips/msa-builtins.c   -Os   scan-assembler-times msa_bnz_w:.*li\\t\\\\\$\\\\d+,1.*bnz\\\\.w.*msa_bnz_w|msa_bnz_w:.*bz\\\\.w.*li\\t\\\\\$\\\\d+,1.*msa_bnz_w 1
FAIL: gcc.target/mips/msa-builtins.c   -Os   scan-assembler-times msa_bz_b:.*li\\t\\\\\$\\\\d+,1.*bz\\\\.b.*msa_bz_b|msa_bz_b:.*bnz\\\\.b.*li\\t\\\\\$\\\\d+,1.*msa_bz_b 1
FAIL: gcc.target/mips/msa-builtins.c   -Os   scan-assembler-times msa_bz_d:.*li\\t\\\\\$\\\\d+,1.*bz\\\\.d.*msa_bz_d|msa_bz_d:.*bnz\\\\.d.*li\\t\\\\\$\\\\d+,1.*msa_bz_d 1
FAIL: gcc.target/mips/msa-builtins.c   -Os   scan-assembler-times msa_bz_h:.*li\\t\\\\\$\\\\d+,1.*bz\\\\.h.*msa_bz_h|msa_bz_h:.*bnz\\\\.h.*li\\t\\\\\$\\\\d+,1.*msa_bz_h 1
FAIL: gcc.target/mips/msa-builtins.c   -Os   scan-assembler-times msa_bz_v:.*li\\t\\\\\$\\\\d+,1.*bz\\\\.v.*msa_bz_v|msa_bz_v:.*bnz\\\\.v.*li\\t\\\\\$\\\\d+,1.*msa_bz_v 1
FAIL: gcc.target/mips/msa-builtins.c   -Os   scan-assembler-times msa_bz_w:.*li\\t\\\\\$\\\\d+,1.*bz\\\\.w.*msa_bz_w|msa_bz_w:.*bnz\\\\.w.*li\\t\\\\\$\\\\d+,1.*msa_bz_w 1
FAIL: gcc.target/mips/msa.c   -O1   scan-assembler-times test7_v2f64:.*fsub.d.*test7_v2f64 1
FAIL: gcc.target/mips/msa.c   -O1   scan-assembler-times test7_v4f32:.*fsub.w.*test7_v4f32 1
FAIL: gcc.target/mips/msa.c   -O2   scan-assembler-times test7_v2f64:.*fsub.d.*test7_v2f64 1
FAIL: gcc.target/mips/msa.c   -O2   scan-assembler-times test7_v4f32:.*fsub.w.*test7_v4f32 1
FAIL: gcc.target/mips/msa.c   -O2 -flto -fno-use-linker-plugin -flto-partition=none   scan-assembler-times test7_v2f64:.*fsub.d.*test7_v2f64 1
FAIL: gcc.target/mips/msa.c   -O2 -flto -fno-use-linker-plugin -flto-partition=none   scan-assembler-times test7_v4f32:.*fsub.w.*test7_v4f32 1
FAIL: gcc.target/mips/msa.c   -O2 -flto -fuse-linker-plugin -fno-fat-lto-objects   scan-assembler-times test7_v2f64:.*fsub.d.*test7_v2f64 1
FAIL: gcc.target/mips/msa.c   -O2 -flto -fuse-linker-plugin -fno-fat-lto-objects   scan-assembler-times test7_v4f32:.*fsub.w.*test7_v4f32 1
FAIL: gcc.target/mips/msa.c   -Os   scan-assembler-times test7_v2f64:.*fsub.d.*test7_v2f64 1
FAIL: gcc.target/mips/msa.c   -Os   scan-assembler-times test7_v4f32:.*fsub.w.*test7_v4f32 1
XPASS: gcc.target/mips/mult-10.c   -O1   scan-assembler-not \\tmflo\\t
XPASS: gcc.target/mips/mult-10.c   -O2   scan-assembler-not \\tmflo\\t
XPASS: gcc.target/mips/mult-10.c   -O2 -flto -fno-use-linker-plugin -flto-partition=none   scan-assembler-not \\tmflo\\t
XPASS: gcc.target/mips/mult-10.c   -O2 -flto -fuse-linker-plugin -fno-fat-lto-objects   scan-assembler-not \\tmflo\\t
XPASS: gcc.target/mips/mult-10.c   -O3 -g   scan-assembler-not \\tmflo\\t
XPASS: gcc.target/mips/mult-10.c   -Os   scan-assembler-not \\tmflo\\t
FAIL: gcc.target/mips/octeon-exts-2.c   -O1   scan-assembler-times \\texts\\t 4
FAIL: gcc.target/mips/octeon-exts-2.c   -O2   scan-assembler-times \\texts\\t 4
FAIL: gcc.target/mips/octeon-exts-2.c   -O2 -flto -fno-use-linker-plugin -flto-partition=none   scan-assembler-times \\texts\\t 4
FAIL: gcc.target/mips/octeon-exts-2.c   -O2 -flto -fuse-linker-plugin -fno-fat-lto-objects   scan-assembler-times \\texts\\t 4
FAIL: gcc.target/mips/octeon-exts-2.c   -O3 -g   scan-assembler-times \\texts\\t 4
FAIL: gcc.target/mips/octeon-exts-2.c   -Os   scan-assembler-times \\texts\\t 4
FAIL: gcc.target/mips/octeon-exts-5.c   -O1   scan-assembler-times \\texts\\t 4
FAIL: gcc.target/mips/octeon-exts-5.c   -O2   scan-assembler-times \\texts\\t 4
FAIL: gcc.target/mips/octeon-exts-5.c   -O2 -flto -fno-use-linker-plugin -flto-partition=none   scan-assembler-times \\texts\\t 4
FAIL: gcc.target/mips/octeon-exts-5.c   -O2 -flto -fuse-linker-plugin -fno-fat-lto-objects   scan-assembler-times \\texts\\t 4
FAIL: gcc.target/mips/octeon-exts-5.c   -O3 -g   scan-assembler-times \\texts\\t 4
FAIL: gcc.target/mips/octeon-exts-5.c   -Os   scan-assembler-times \\texts\\t 4
FAIL: gcc.target/mips/pr54240.c   -O2   scan-tree-dump phiopt1 "Hoisting adjacent loads"
FAIL: gcc.target/mips/pr54240.c   -O2 -flto -fno-use-linker-plugin -flto-partition=none   scan-tree-dump phiopt1 "Hoisting adjacent loads"
FAIL: gcc.target/mips/pr54240.c   -O2 -flto -fuse-linker-plugin -fno-fat-lto-objects   scan-tree-dump phiopt1 "Hoisting adjacent loads"
FAIL: gcc.target/mips/pr54240.c   -O3 -g   scan-tree-dump phiopt1 "Hoisting adjacent loads"
FAIL: gcc.target/mips/pr54240.c   -Os   scan-tree-dump phiopt1 "Hoisting adjacent loads"
FAIL: gcc.target/mips/pr91769.c   -O1   scan-assembler lw\\t\\\\\$4,0\\\\(\\\\\$5\\\\)\\n\\tlw\\t\\\\\$5,4\\\\(\\\\\$5\\\\)\\n\\tmtc1\\t\\\\\$4,\\\\\$.*\\n\\tmthc1\\t\\\\\$5,\\\\\$.*
FAIL: gcc.target/mips/pr91769.c   -O2   scan-assembler lw\\t\\\\\$4,0\\\\(\\\\\$5\\\\)\\n\\tlw\\t\\\\\$5,4\\\\(\\\\\$5\\\\)\\n\\tmtc1\\t\\\\\$4,\\\\\$.*\\n\\tmthc1\\t\\\\\$5,\\\\\$.*
FAIL: gcc.target/mips/pr91769.c   -O2 -flto -fno-use-linker-plugin -flto-partition=none   scan-assembler lw\\t\\\\\$4,0\\\\(\\\\\$5\\\\)\\n\\tlw\\t\\\\\$5,4\\\\(\\\\\$5\\\\)\\n\\tmtc1\\t\\\\\$4,\\\\\$.*\\n\\tmthc1\\t\\\\\$5,\\\\\$.*
FAIL: gcc.target/mips/pr91769.c   -O2 -flto -fuse-linker-plugin -fno-fat-lto-objects   scan-assembler lw\\t\\\\\$4,0\\\\(\\\\\$5\\\\)\\n\\tlw\\t\\\\\$5,4\\\\(\\\\\$5\\\\)\\n\\tmtc1\\t\\\\\$4,\\\\\$.*\\n\\tmthc1\\t\\\\\$5,\\\\\$.*
FAIL: gcc.target/mips/pr91769.c   -Os   scan-assembler lw\\t\\\\\$4,0\\\\(\\\\\$5\\\\)\\n\\tlw\\t\\\\\$5,4\\\\(\\\\\$5\\\\)\\n\\tmtc1\\t\\\\\$4,\\\\\$.*\\n\\tmthc1\\t\\\\\$5,\\\\\$.*
FAIL: gcc.target/mips/save-restore-3.c   -O0   scan-assembler \\tsave\\t\\\\\$4-\\\\\$6,

		=== gcc Summary for unix/-mabi=32 ===

# of expected passes		153392
# of unexpected failures	163
# of unexpected successes	6
# of expected failures		1062
# of unresolved testcases	1
# of unsupported tests		2936

Running target unix/-mabi=64
FAIL: gcc.c-torture/execute/20241029-1.c   -O3 -fomit-frame-pointer -funroll-loops -fpeel-loops -ftracer -finline-functions  (internal compiler error: Segmentation fault)
FAIL: gcc.c-torture/execute/20241029-1.c   -O3 -fomit-frame-pointer -funroll-loops -fpeel-loops -ftracer -finline-functions  (test for excess errors)
UNRESOLVED: gcc.c-torture/execute/20241029-1.c   -O3 -fomit-frame-pointer -funroll-loops -fpeel-loops -ftracer -finline-functions  compilation failed to produce executable
FAIL: gcc.dg/analyzer/pr104308.c  (test for warnings, line 10)
FAIL: gcc.dg/analyzer/pr104308.c  (test for warnings, line 9)
ERROR: gcc.dg/analyzer/torture/pr93350.c   -O0 : can't read "EFFECTIVE_TARGETS": no such variable for " dg-require-effective-target 1 vect_int "
ERROR: gcc.dg/analyzer/torture/pr93350.c   -O0 : can't read "EFFECTIVE_TARGETS": no such variable for " dg-require-effective-target 1 vect_int "
ERROR: gcc.dg/analyzer/torture/pr93350.c   -O1 : can't read "EFFECTIVE_TARGETS": no such variable for " dg-require-effective-target 1 vect_int "
ERROR: gcc.dg/analyzer/torture/pr93350.c   -O1 : can't read "EFFECTIVE_TARGETS": no such variable for " dg-require-effective-target 1 vect_int "
ERROR: gcc.dg/analyzer/torture/pr93350.c   -O2 -flto -fno-use-linker-plugin -flto-partition=none : can't read "EFFECTIVE_TARGETS": no such variable for " dg-require-effective-target 1 vect_int "
ERROR: gcc.dg/analyzer/torture/pr93350.c   -O2 -flto -fno-use-linker-plugin -flto-partition=none : can't read "EFFECTIVE_TARGETS": no such variable for " dg-require-effective-target 1 vect_int "
ERROR: gcc.dg/analyzer/torture/pr93350.c   -O2 -flto -fuse-linker-plugin -fno-fat-lto-objects : can't read "EFFECTIVE_TARGETS": no such variable for " dg-require-effective-target 1 vect_int "
ERROR: gcc.dg/analyzer/torture/pr93350.c   -O2 -flto -fuse-linker-plugin -fno-fat-lto-objects : can't read "EFFECTIVE_TARGETS": no such variable for " dg-require-effective-target 1 vect_int "
ERROR: gcc.dg/analyzer/torture/pr93350.c   -O2 : can't read "EFFECTIVE_TARGETS": no such variable for " dg-require-effective-target 1 vect_int "
ERROR: gcc.dg/analyzer/torture/pr93350.c   -O2 : can't read "EFFECTIVE_TARGETS": no such variable for " dg-require-effective-target 1 vect_int "
ERROR: gcc.dg/analyzer/torture/pr93350.c   -O3 -g : can't read "EFFECTIVE_TARGETS": no such variable for " dg-require-effective-target 1 vect_int "
ERROR: gcc.dg/analyzer/torture/pr93350.c   -O3 -g : can't read "EFFECTIVE_TARGETS": no such variable for " dg-require-effective-target 1 vect_int "
ERROR: gcc.dg/analyzer/torture/pr93350.c   -Os : can't read "EFFECTIVE_TARGETS": no such variable for " dg-require-effective-target 1 vect_int "
ERROR: gcc.dg/analyzer/torture/pr93350.c   -Os : can't read "EFFECTIVE_TARGETS": no such variable for " dg-require-effective-target 1 vect_int "
ERROR: gcc.dg/analyzer/torture/uninit-bit-field-ref.c   -O0 : can't read "EFFECTIVE_TARGETS": no such variable for " dg-require-effective-target 1 vect_int "
ERROR: gcc.dg/analyzer/torture/uninit-bit-field-ref.c   -O0 : can't read "EFFECTIVE_TARGETS": no such variable for " dg-require-effective-target 1 vect_int "
ERROR: gcc.dg/analyzer/torture/uninit-bit-field-ref.c   -O1 : can't read "EFFECTIVE_TARGETS": no such variable for " dg-require-effective-target 1 vect_int "
ERROR: gcc.dg/analyzer/torture/uninit-bit-field-ref.c   -O1 : can't read "EFFECTIVE_TARGETS": no such variable for " dg-require-effective-target 1 vect_int "
ERROR: gcc.dg/analyzer/torture/uninit-bit-field-ref.c   -O2 -flto -fno-use-linker-plugin -flto-partition=none : can't read "EFFECTIVE_TARGETS": no such variable for " dg-require-effective-target 1 vect_int "
ERROR: gcc.dg/analyzer/torture/uninit-bit-field-ref.c   -O2 -flto -fno-use-linker-plugin -flto-partition=none : can't read "EFFECTIVE_TARGETS": no such variable for " dg-require-effective-target 1 vect_int "
ERROR: gcc.dg/analyzer/torture/uninit-bit-field-ref.c   -O2 -flto -fuse-linker-plugin -fno-fat-lto-objects : can't read "EFFECTIVE_TARGETS": no such variable for " dg-require-effective-target 1 vect_int "
ERROR: gcc.dg/analyzer/torture/uninit-bit-field-ref.c   -O2 -flto -fuse-linker-plugin -fno-fat-lto-objects : can't read "EFFECTIVE_TARGETS": no such variable for " dg-require-effective-target 1 vect_int "
ERROR: gcc.dg/analyzer/torture/uninit-bit-field-ref.c   -O2 : can't read "EFFECTIVE_TARGETS": no such variable for " dg-require-effective-target 1 vect_int "
ERROR: gcc.dg/analyzer/torture/uninit-bit-field-ref.c   -O2 : can't read "EFFECTIVE_TARGETS": no such variable for " dg-require-effective-target 1 vect_int "
ERROR: gcc.dg/analyzer/torture/uninit-bit-field-ref.c   -O3 -fomit-frame-pointer -funroll-loops -fpeel-loops -ftracer -finline-functions : can't read "EFFECTIVE_TARGETS": no such variable for " dg-require-effective-target 1 vect_int "
ERROR: gcc.dg/analyzer/torture/uninit-bit-field-ref.c   -O3 -fomit-frame-pointer -funroll-loops -fpeel-loops -ftracer -finline-functions : can't read "EFFECTIVE_TARGETS": no such variable for " dg-require-effective-target 1 vect_int "
ERROR: gcc.dg/analyzer/torture/uninit-bit-field-ref.c   -O3 -g : can't read "EFFECTIVE_TARGETS": no such variable for " dg-require-effective-target 1 vect_int "
ERROR: gcc.dg/analyzer/torture/uninit-bit-field-ref.c   -O3 -g : can't read "EFFECTIVE_TARGETS": no such variable for " dg-require-effective-target 1 vect_int "
ERROR: gcc.dg/analyzer/torture/uninit-bit-field-ref.c   -Os : can't read "EFFECTIVE_TARGETS": no such variable for " dg-require-effective-target 1 vect_int "
ERROR: gcc.dg/analyzer/torture/uninit-bit-field-ref.c   -Os : can't read "EFFECTIVE_TARGETS": no such variable for " dg-require-effective-target 1 vect_int "
FAIL: c-c++-common/spec-barrier-1.c  -Wc++-compat  (test for excess errors)
FAIL: gcc.dg/20021029-1.c scan-assembler-symbol-section symbol ^_?ar (found ar.0) has section ^\\\\.(const|rodata)|\\\\[RO\\\\] (found .text)
FAIL: gcc.dg/array-quals-1.c scan-assembler-symbol-section symbol ^_?a\$ (found a) has section ^\\\\.(const|rodata|srodata|sdata)|\\\\[RO\\\\] (found .text)
FAIL: gcc.dg/array-quals-1.c scan-assembler-symbol-section symbol ^_?a1\$ (found a1) has section ^\\\\.(const|rodata|srodata|sdata)|\\\\[RO\\\\] (found .text)
FAIL: gcc.dg/array-quals-1.c scan-assembler-symbol-section symbol ^_?b\$ (found b) has section ^\\\\.(const|rodata|srodata|sdata)|\\\\[RO\\\\] (found .text)
FAIL: gcc.dg/array-quals-1.c scan-assembler-symbol-section symbol ^_?b1\$ (found b1) has section ^\\\\.(const|rodata|srodata|sdata)|\\\\[RO\\\\] (found .text)
FAIL: gcc.dg/array-quals-1.c scan-assembler-symbol-section symbol ^_?c\$ (found c) has section ^\\\\.(const|rodata|srodata|sdata)|\\\\[RO\\\\] (found .text)
FAIL: gcc.dg/array-quals-1.c scan-assembler-symbol-section symbol ^_?c1\$ (found c1) has section ^\\\\.(const|rodata|srodata|sdata)|\\\\[RO\\\\] (found .text)
FAIL: gcc.dg/array-quals-1.c scan-assembler-symbol-section symbol ^_?d\$ (found d) has section ^\\\\.(const|rodata|srodata|sdata)|\\\\[RO\\\\] (found .text)
FAIL: gcc.dg/array-quals-1.c scan-assembler-symbol-section symbol ^_?d1\$ (found d1) has section ^\\\\.(const|rodata|srodata|sdata)|\\\\[RO\\\\] (found .text)
FAIL: gcc.dg/array-quals-1.c scan-assembler-symbol-section symbol ^_?e\$ (found e) has section ^\\\\.(const|rodata|srodata|sdata)|\\\\[RO\\\\] (found .text)
FAIL: gcc.dg/array-quals-1.c scan-assembler-symbol-section symbol ^_?e1\$ (found e1) has section ^\\\\.(const|rodata|srodata|sdata)|\\\\[RO\\\\] (found .text)
FAIL: gcc.dg/array-quals-1.c scan-assembler-symbol-section symbol ^_?p\$ (found p) has section ^\\\\.(const|rodata|srodata|sdata)|\\\\[RW\\\\] (found .data.rel.ro.local)
FAIL: gcc.dg/array-quals-1.c scan-assembler-symbol-section symbol ^_?p1\$ (found p1) has section ^\\\\.(const|rodata|srodata|sdata)|\\\\[RW\\\\] (found .data.rel.ro.local)
FAIL: gcc.dg/array-quals-1.c scan-assembler-symbol-section symbol ^_?q\$ (found q) has section ^\\\\.(const|rodata|srodata|sdata)|\\\\[RW\\\\] (found .data.rel.ro.local)
FAIL: gcc.dg/array-quals-1.c scan-assembler-symbol-section symbol ^_?q1\$ (found q1) has section ^\\\\.(const|rodata|srodata|sdata)|\\\\[RW\\\\] (found .data.rel.ro.local)
FAIL: gcc.dg/array-quals-1.c scan-assembler-symbol-section symbol ^_?r\$ (found r) has section ^\\\\.(const|rodata|srodata|sdata)|\\\\[RW\\\\] (found .data.rel.ro.local)
FAIL: gcc.dg/array-quals-1.c scan-assembler-symbol-section symbol ^_?r1\$ (found r1) has section ^\\\\.(const|rodata|srodata|sdata)|\\\\[RW\\\\] (found .data.rel.ro.local)
FAIL: gcc.dg/array-quals-1.c scan-assembler-symbol-section symbol ^_?s\$ (found s) has section ^\\\\.(const|rodata|srodata|sdata)|\\\\[RW\\\\] (found .data.rel.ro.local)
FAIL: gcc.dg/array-quals-1.c scan-assembler-symbol-section symbol ^_?s1\$ (found s1) has section ^\\\\.(const|rodata|srodata|sdata)|\\\\[RW\\\\] (found .data.rel.ro.local)
FAIL: gcc.dg/array-quals-1.c scan-assembler-symbol-section symbol ^_?t\$ (found t) has section ^\\\\.(const|rodata|srodata|sdata)|\\\\[RW\\\\] (found .data.rel.ro.local)
FAIL: gcc.dg/array-quals-1.c scan-assembler-symbol-section symbol ^_?t1\$ (found t1) has section ^\\\\.(const|rodata|srodata|sdata)|\\\\[RW\\\\] (found .data.rel.ro.local)
ERROR: gcc.dg/bic-bitmask-13.c: error executing dg-final: can't read "EFFECTIVE_TARGETS": no such variable
ERROR: gcc.dg/bic-bitmask-14.c: error executing dg-final: can't read "EFFECTIVE_TARGETS": no such variable
ERROR: gcc.dg/bic-bitmask-15.c: error executing dg-final: can't read "EFFECTIVE_TARGETS": no such variable
ERROR: gcc.dg/bic-bitmask-16.c: error executing dg-final: can't read "EFFECTIVE_TARGETS": no such variable
ERROR: gcc.dg/bic-bitmask-17.c: error executing dg-final: can't read "EFFECTIVE_TARGETS": no such variable
ERROR: gcc.dg/bic-bitmask-18.c: error executing dg-final: can't read "EFFECTIVE_TARGETS": no such variable
ERROR: gcc.dg/bic-bitmask-19.c: error executing dg-final: can't read "EFFECTIVE_TARGETS": no such variable
ERROR: gcc.dg/bic-bitmask-20.c: error executing dg-final: can't read "EFFECTIVE_TARGETS": no such variable
ERROR: gcc.dg/bic-bitmask-21.c: error executing dg-final: can't read "EFFECTIVE_TARGETS": no such variable
ERROR: gcc.dg/bic-bitmask-22.c: error executing dg-final: can't read "EFFECTIVE_TARGETS": no such variable
ERROR: gcc.dg/bic-bitmask-7.c: error executing dg-final: can't read "EFFECTIVE_TARGETS": no such variable
FAIL: gcc.dg/ifcvt-4.c scan-rtl-dump ce1 "2 true changes made"
FAIL: gcc.dg/localalias.c execution test
FAIL: gcc.dg/pr54194-1.c scan-rtl-dump dse1 "global deletions = (2|3)"
FAIL: gcc.dg/pr54194-1.c scan-rtl-dump-not final "insn[: ][^\\n]*set \\\\(mem(?![^\\n]*scratch)"
ERROR: gcc.dg/signbit-2.c: error executing dg-final: can't read "EFFECTIVE_TARGETS": no such variable
FAIL: gcc.dg/uninit-pred-9_b.c bogus warning (test for bogus messages, line 20)
FAIL: gcc.dg/torture/pr91323.c   -O1  execution test
FAIL: gcc.dg/torture/pr91323.c   -O2  execution test
FAIL: gcc.dg/torture/pr91323.c   -O2 -flto -fno-use-linker-plugin -flto-partition=none  execution test
FAIL: gcc.dg/torture/pr91323.c   -O2 -flto -fuse-linker-plugin -fno-fat-lto-objects  execution test
FAIL: gcc.dg/torture/pr91323.c   -O3 -g  execution test
FAIL: gcc.dg/torture/pr91323.c   -Os  execution test
FAIL: gcc.dg/tree-ssa/ssa-dom-cse-2.c scan-tree-dump optimized "return 28;"
FAIL: gcc.dg/tree-ssa/ssa-sink-18.c scan-tree-dump-times sink2 "Sunk statements: 4" 1
FAIL: gcc.target/mips/branch-cost-2.c   -Os   scan-assembler \\t(movz|movn)\\t
FAIL: gcc.target/mips/branch-cost-2.c   -Os   scan-assembler-not \\t(bne|beq)\\t
FAIL: gcc.target/mips/call-2.c   -O0   scan-assembler-times \\\\.reloc\\t1f,R_MIPS_JALR,g\\n1:\\tjalrc?\\t 2
FAIL: gcc.target/mips/call-3.c   -O0   scan-assembler \\\\.reloc\\t1f,R_MIPS_JALR,g\\n1:\\tjalrc?\\t
FAIL: gcc.target/mips/call-4.c   -O0   scan-assembler \\\\.reloc\\t1f,R_MIPS_JALR,g\\n1:\\tjalrc?\\t
FAIL: gcc.target/mips/call-clobbered-3.c   -Os   scan-assembler-not mfc
FAIL: gcc.target/mips/call-clobbered-3.c   -Os   scan-assembler-not mtc
FAIL: gcc.target/mips/call-clobbered-3.c   -Os   scan-assembler-times lwc1 5
FAIL: gcc.target/mips/call-clobbered-3.c   -Os   scan-assembler-times swc1 3
FAIL: gcc.target/mips/call-clobbered-5.c   -Os   scan-assembler-not mfc
FAIL: gcc.target/mips/call-clobbered-5.c   -Os   scan-assembler-not mtc
FAIL: gcc.target/mips/call-clobbered-5.c   -Os   scan-assembler-times lwc1 3
FAIL: gcc.target/mips/call-clobbered-5.c   -Os   scan-assembler-times swc1 1
FAIL: gcc.target/mips/data-sym-multi-pool.c   -O0   scan-assembler \\t\\\\.type\\t(__pend_foo_[0-9]+), @function\\n\\\\1:\\n\\t\\\\.insn\\n.L[0-9]+:\\n
FAIL: gcc.target/mips/dspr2-MULT.c   -O1   scan-assembler \\\\\$ac1
FAIL: gcc.target/mips/dspr2-MULT.c   -Os   scan-assembler \\\\\$ac1
FAIL: gcc.target/mips/dspr2-MULTU.c   -O1   scan-assembler \\\\\$ac1
FAIL: gcc.target/mips/dspr2-MULTU.c   -Os   scan-assembler \\\\\$ac1
FAIL: gcc.target/mips/fpr-moves-6.c   -O1   scan-assembler \\tdmtc1\\t\\\\\$10,\\\\\$f0\\n
FAIL: gcc.target/mips/fpr-moves-6.c   -O2   scan-assembler \\tdmtc1\\t\\\\\$10,\\\\\$f0\\n
FAIL: gcc.target/mips/fpr-moves-6.c   -O2 -flto -fno-use-linker-plugin -flto-partition=none   scan-assembler \\tdmtc1\\t\\\\\$10,\\\\\$f0\\n
FAIL: gcc.target/mips/fpr-moves-6.c   -O2 -flto -fuse-linker-plugin -fno-fat-lto-objects   scan-assembler \\tdmtc1\\t\\\\\$10,\\\\\$f0\\n
FAIL: gcc.target/mips/fpr-moves-6.c   -O3 -g   scan-assembler \\tdmtc1\\t\\\\\$10,\\\\\$f0\\n
FAIL: gcc.target/mips/fpr-moves-6.c   -Os   scan-assembler \\tdmtc1\\t\\\\\$10,\\\\\$f0\\n
FAIL: gcc.target/mips/frame-header-4.c   -O1   scan-assembler-not \\taddiu\\t\\\\\$sp
FAIL: gcc.target/mips/frame-header-4.c   -O2   scan-assembler-not \\taddiu\\t\\\\\$sp
FAIL: gcc.target/mips/frame-header-4.c   -O2 -flto -fno-use-linker-plugin -flto-partition=none   scan-assembler-not \\taddiu\\t\\\\\$sp
FAIL: gcc.target/mips/frame-header-4.c   -O2 -flto -fuse-linker-plugin -fno-fat-lto-objects   scan-assembler-not \\taddiu\\t\\\\\$sp
FAIL: gcc.target/mips/frame-header-4.c   -O3 -g   scan-assembler-not \\taddiu\\t\\\\\$sp
FAIL: gcc.target/mips/frame-header-4.c   -Os   scan-assembler-not \\taddiu\\t\\\\\$sp
FAIL: gcc.target/mips/insn-pseudo-1.c   -O3 -g   scan-assembler \\tbeqz\\t\\\\\$[0-9]+,(.L[0-9]+)\\n.*\\n\\\\1:\\n\\t\\\\.insn\\n(?:.L[0-9]+ = \\\\.\\n)?\\t\\\\.end\\tunreachable\\n
FAIL: gcc.target/mips/insn-pseudo-2.c   -O3 -g   scan-assembler \\tbeqz\\t\\\\\$[0-9]+,(.L[0-9]+)\\n.*\\n\\\\1:\\n\\t\\\\.insn\\n(?:.L[0-9]+ = \\\\.\\n)?\\t\\\\.end\\tunreachable\\n
FAIL: gcc.target/mips/insn-pseudo-3.c   -O3 -g   scan-assembler \\tbeqz\\t\\\\\$[0-9]+,(.L[0-9]+)\\n.*\\n\\\\1:\\n\\t\\\\.insn\\n(?:.L[0-9]+ = \\\\.\\n)?\\t\\\\.end\\tunreachable\\n
FAIL: gcc.target/mips/insn-pseudo-4.c   -O0   scan-assembler \\tlw\\t(\\\\\$[0-9]+),(.L[0-9]+)\\n.*\\tbeqz\\t\\\\1,(.L[0-9]+)\\n.*\\n\\\\3:\\n\\t\\\\.insn\\n(?:.L[0-9]+ = \\\\.\\n)?\\t\\\\.type\\t__pool_unreachable_[0-9]+, @object\\n__pool_unreachable_[0-9]+:\\n\\t\\\\.align\\t2\\n\\\\2:\\n\\t\\\\.word\\t305419896\\n
FAIL: gcc.target/mips/insn-pseudo-4.c   -O3 -g   scan-assembler \\tlw\\t(\\\\\$[0-9]+),(.L[0-9]+)\\n.*\\tbeqz\\t\\\\1,(.L[0-9]+)\\n.*\\n\\\\3:\\n\\t\\\\.insn\\n(?:.L[0-9]+ = \\\\.\\n)?\\t\\\\.type\\t__pool_unreachable_[0-9]+, @object\\n__pool_unreachable_[0-9]+:\\n\\t\\\\.align\\t2\\n\\\\2:\\n\\t\\\\.word\\t305419896\\n
FAIL: gcc.target/mips/mips-builtins-pure.c   -O3 -g   scan-assembler-times ld 1
FAIL: gcc.target/mips/msa.c   -O1   scan-assembler-times test7_v2f64:.*fsub.d.*test7_v2f64 1
FAIL: gcc.target/mips/msa.c   -O1   scan-assembler-times test7_v4f32:.*fsub.w.*test7_v4f32 1
FAIL: gcc.target/mips/msa.c   -O2   scan-assembler-times test7_v2f64:.*fsub.d.*test7_v2f64 1
FAIL: gcc.target/mips/msa.c   -O2   scan-assembler-times test7_v4f32:.*fsub.w.*test7_v4f32 1
FAIL: gcc.target/mips/msa.c   -O2 -flto -fno-use-linker-plugin -flto-partition=none   scan-assembler-times test7_v2f64:.*fsub.d.*test7_v2f64 1
FAIL: gcc.target/mips/msa.c   -O2 -flto -fno-use-linker-plugin -flto-partition=none   scan-assembler-times test7_v4f32:.*fsub.w.*test7_v4f32 1
FAIL: gcc.target/mips/msa.c   -O2 -flto -fuse-linker-plugin -fno-fat-lto-objects   scan-assembler-times test7_v2f64:.*fsub.d.*test7_v2f64 1
FAIL: gcc.target/mips/msa.c   -O2 -flto -fuse-linker-plugin -fno-fat-lto-objects   scan-assembler-times test7_v4f32:.*fsub.w.*test7_v4f32 1
FAIL: gcc.target/mips/msa.c   -Os   scan-assembler-times test7_v2f64:.*fsub.d.*test7_v2f64 1
FAIL: gcc.target/mips/msa.c   -Os   scan-assembler-times test7_v4f32:.*fsub.w.*test7_v4f32 1
XPASS: gcc.target/mips/mult-10.c   -O1   scan-assembler-not \\tmflo\\t
XPASS: gcc.target/mips/mult-10.c   -O2   scan-assembler-not \\tmflo\\t
XPASS: gcc.target/mips/mult-10.c   -O2 -flto -fno-use-linker-plugin -flto-partition=none   scan-assembler-not \\tmflo\\t
XPASS: gcc.target/mips/mult-10.c   -O2 -flto -fuse-linker-plugin -fno-fat-lto-objects   scan-assembler-not \\tmflo\\t
XPASS: gcc.target/mips/mult-10.c   -O3 -g   scan-assembler-not \\tmflo\\t
XPASS: gcc.target/mips/mult-10.c   -Os   scan-assembler-not \\tmflo\\t
FAIL: gcc.target/mips/pr54240.c   -O2   scan-tree-dump phiopt1 "Hoisting adjacent loads"
FAIL: gcc.target/mips/pr54240.c   -O2 -flto -fno-use-linker-plugin -flto-partition=none   scan-tree-dump phiopt1 "Hoisting adjacent loads"
FAIL: gcc.target/mips/pr54240.c   -O2 -flto -fuse-linker-plugin -fno-fat-lto-objects   scan-tree-dump phiopt1 "Hoisting adjacent loads"
FAIL: gcc.target/mips/pr54240.c   -O3 -g   scan-tree-dump phiopt1 "Hoisting adjacent loads"
FAIL: gcc.target/mips/pr54240.c   -Os   scan-tree-dump phiopt1 "Hoisting adjacent loads"
FAIL: gcc.target/mips/pr91769.c   -O1   scan-assembler lw\\t\\\\\$4,0\\\\(\\\\\$5\\\\)\\n\\tlw\\t\\\\\$5,4\\\\(\\\\\$5\\\\)\\n\\tmtc1\\t\\\\\$4,\\\\\$.*\\n\\tmthc1\\t\\\\\$5,\\\\\$.*
FAIL: gcc.target/mips/pr91769.c   -O2   scan-assembler lw\\t\\\\\$4,0\\\\(\\\\\$5\\\\)\\n\\tlw\\t\\\\\$5,4\\\\(\\\\\$5\\\\)\\n\\tmtc1\\t\\\\\$4,\\\\\$.*\\n\\tmthc1\\t\\\\\$5,\\\\\$.*
FAIL: gcc.target/mips/pr91769.c   -O2 -flto -fno-use-linker-plugin -flto-partition=none   scan-assembler lw\\t\\\\\$4,0\\\\(\\\\\$5\\\\)\\n\\tlw\\t\\\\\$5,4\\\\(\\\\\$5\\\\)\\n\\tmtc1\\t\\\\\$4,\\\\\$.*\\n\\tmthc1\\t\\\\\$5,\\\\\$.*
FAIL: gcc.target/mips/pr91769.c   -O2 -flto -fuse-linker-plugin -fno-fat-lto-objects   scan-assembler lw\\t\\\\\$4,0\\\\(\\\\\$5\\\\)\\n\\tlw\\t\\\\\$5,4\\\\(\\\\\$5\\\\)\\n\\tmtc1\\t\\\\\$4,\\\\\$.*\\n\\tmthc1\\t\\\\\$5,\\\\\$.*
FAIL: gcc.target/mips/pr91769.c   -Os   scan-assembler lw\\t\\\\\$4,0\\\\(\\\\\$5\\\\)\\n\\tlw\\t\\\\\$5,4\\\\(\\\\\$5\\\\)\\n\\tmtc1\\t\\\\\$4,\\\\\$.*\\n\\tmthc1\\t\\\\\$5,\\\\\$.*
FAIL: gcc.target/mips/save-restore-3.c   -O0   scan-assembler \\tsave\\t\\\\\$4-\\\\\$6,
FAIL: gcc.target/mips/unaligned-2.c   -O1   scan-assembler-times \\tld\\t 1
FAIL: gcc.target/mips/unaligned-2.c   -O2   scan-assembler-times \\tld\\t 1
FAIL: gcc.target/mips/unaligned-2.c   -O2 -flto -fno-use-linker-plugin -flto-partition=none   scan-assembler-times \\tld\\t 1
FAIL: gcc.target/mips/unaligned-2.c   -O2 -flto -fuse-linker-plugin -fno-fat-lto-objects   scan-assembler-times \\tld\\t 1
FAIL: gcc.target/mips/unaligned-2.c   -O3 -g   scan-assembler-times \\tld\\t 1
FAIL: gcc.target/mips/unaligned-2.c   -Os   scan-assembler-times \\tld\\t 1
FAIL: gcc.target/mips/unaligned-3.c   -O1   scan-assembler-not \\tld\\t
FAIL: gcc.target/mips/unaligned-3.c   -O2   scan-assembler-not \\tld\\t
FAIL: gcc.target/mips/unaligned-3.c   -O2 -flto -fno-use-linker-plugin -flto-partition=none   scan-assembler-not \\tld\\t
FAIL: gcc.target/mips/unaligned-3.c   -O2 -flto -fuse-linker-plugin -fno-fat-lto-objects   scan-assembler-not \\tld\\t
FAIL: gcc.target/mips/unaligned-3.c   -O3 -g   scan-assembler-not \\tld\\t
FAIL: gcc.target/mips/unaligned-3.c   -Os   scan-assembler-not \\tld\\t

		=== gcc Summary for unix/-mabi=64 ===

# of expected passes		155174
# of unexpected failures	108
# of unexpected successes	6
# of expected failures		1062
# of unresolved testcases	1
# of unsupported tests		2322

Running target unix/-mabi=n32
FAIL: gcc.dg/analyzer/pr104308.c  (test for warnings, line 10)
FAIL: gcc.dg/analyzer/pr104308.c  (test for warnings, line 9)
FAIL: c-c++-common/spec-barrier-1.c  -Wc++-compat  (test for excess errors)
FAIL: gcc.dg/20021029-1.c scan-assembler-symbol-section symbol ^_?ar (found ar.0) has section ^\\\\.(const|rodata)|\\\\[RO\\\\] (found .text)
FAIL: gcc.dg/Wstringop-overread-2.c  (test for warnings, line 114)
FAIL: gcc.dg/Wstringop-overread-2.c  (test for warnings, line 115)
FAIL: gcc.dg/Wstringop-overread-2.c  (test for warnings, line 116)
FAIL: gcc.dg/Wstringop-overread-2.c  (test for warnings, line 84)
FAIL: gcc.dg/Wstringop-overread-2.c  (test for warnings, line 85)
FAIL: gcc.dg/Wstringop-overread-2.c  (test for warnings, line 86)
FAIL: gcc.dg/Wstringop-overread-2.c (internal compiler error: Segmentation fault signal terminated program cc1)
FAIL: gcc.dg/Wstringop-overread-2.c (test for excess errors)
FAIL: gcc.dg/Wstringop-overread-2.c strncmp (test for warnings, line 72)
FAIL: gcc.dg/Wstringop-overread-2.c strncmp (test for warnings, line 73)
FAIL: gcc.dg/Wstringop-overread-2.c strncmp (test for warnings, line 74)
FAIL: gcc.dg/array-quals-1.c scan-assembler-symbol-section symbol ^_?a\$ (found a) has section ^\\\\.(const|rodata|srodata|sdata)|\\\\[RO\\\\] (found .text)
FAIL: gcc.dg/array-quals-1.c scan-assembler-symbol-section symbol ^_?a1\$ (found a1) has section ^\\\\.(const|rodata|srodata|sdata)|\\\\[RO\\\\] (found .text)
FAIL: gcc.dg/array-quals-1.c scan-assembler-symbol-section symbol ^_?b\$ (found b) has section ^\\\\.(const|rodata|srodata|sdata)|\\\\[RO\\\\] (found .text)
FAIL: gcc.dg/array-quals-1.c scan-assembler-symbol-section symbol ^_?b1\$ (found b1) has section ^\\\\.(const|rodata|srodata|sdata)|\\\\[RO\\\\] (found .text)
FAIL: gcc.dg/array-quals-1.c scan-assembler-symbol-section symbol ^_?c\$ (found c) has section ^\\\\.(const|rodata|srodata|sdata)|\\\\[RO\\\\] (found .text)
FAIL: gcc.dg/array-quals-1.c scan-assembler-symbol-section symbol ^_?c1\$ (found c1) has section ^\\\\.(const|rodata|srodata|sdata)|\\\\[RO\\\\] (found .text)
FAIL: gcc.dg/array-quals-1.c scan-assembler-symbol-section symbol ^_?d\$ (found d) has section ^\\\\.(const|rodata|srodata|sdata)|\\\\[RO\\\\] (found .text)
FAIL: gcc.dg/array-quals-1.c scan-assembler-symbol-section symbol ^_?d1\$ (found d1) has section ^\\\\.(const|rodata|srodata|sdata)|\\\\[RO\\\\] (found .text)
FAIL: gcc.dg/array-quals-1.c scan-assembler-symbol-section symbol ^_?e\$ (found e) has section ^\\\\.(const|rodata|srodata|sdata)|\\\\[RO\\\\] (found .text)
FAIL: gcc.dg/array-quals-1.c scan-assembler-symbol-section symbol ^_?e1\$ (found e1) has section ^\\\\.(const|rodata|srodata|sdata)|\\\\[RO\\\\] (found .text)
FAIL: gcc.dg/array-quals-1.c scan-assembler-symbol-section symbol ^_?p\$ (found p) has section ^\\\\.(const|rodata|srodata|sdata)|\\\\[RW\\\\] (found .data.rel.ro.local)
FAIL: gcc.dg/array-quals-1.c scan-assembler-symbol-section symbol ^_?p1\$ (found p1) has section ^\\\\.(const|rodata|srodata|sdata)|\\\\[RW\\\\] (found .data.rel.ro.local)
FAIL: gcc.dg/array-quals-1.c scan-assembler-symbol-section symbol ^_?q\$ (found q) has section ^\\\\.(const|rodata|srodata|sdata)|\\\\[RW\\\\] (found .data.rel.ro.local)
FAIL: gcc.dg/array-quals-1.c scan-assembler-symbol-section symbol ^_?q1\$ (found q1) has section ^\\\\.(const|rodata|srodata|sdata)|\\\\[RW\\\\] (found .data.rel.ro.local)
FAIL: gcc.dg/array-quals-1.c scan-assembler-symbol-section symbol ^_?r\$ (found r) has section ^\\\\.(const|rodata|srodata|sdata)|\\\\[RW\\\\] (found .data.rel.ro.local)
FAIL: gcc.dg/array-quals-1.c scan-assembler-symbol-section symbol ^_?r1\$ (found r1) has section ^\\\\.(const|rodata|srodata|sdata)|\\\\[RW\\\\] (found .data.rel.ro.local)
FAIL: gcc.dg/array-quals-1.c scan-assembler-symbol-section symbol ^_?s\$ (found s) has section ^\\\\.(const|rodata|srodata|sdata)|\\\\[RW\\\\] (found .data.rel.ro.local)
FAIL: gcc.dg/array-quals-1.c scan-assembler-symbol-section symbol ^_?s1\$ (found s1) has section ^\\\\.(const|rodata|srodata|sdata)|\\\\[RW\\\\] (found .data.rel.ro.local)
FAIL: gcc.dg/array-quals-1.c scan-assembler-symbol-section symbol ^_?t\$ (found t) has section ^\\\\.(const|rodata|srodata|sdata)|\\\\[RW\\\\] (found .data.rel.ro.local)
FAIL: gcc.dg/array-quals-1.c scan-assembler-symbol-section symbol ^_?t1\$ (found t1) has section ^\\\\.(const|rodata|srodata|sdata)|\\\\[RW\\\\] (found .data.rel.ro.local)
FAIL: gcc.dg/ifcvt-4.c scan-rtl-dump ce1 "2 true changes made"
FAIL: gcc.dg/localalias.c execution test
FAIL: gcc.dg/uninit-pred-9_b.c bogus warning (test for bogus messages, line 20)
FAIL: gcc.dg/lto/save-temps c_lto_save-temps_0.o-c_lto_save-temps_0.o link,  -O -flto -save-temps
FAIL: gcc.dg/torture/pr91323.c   -O1  execution test
FAIL: gcc.dg/torture/pr91323.c   -O2  execution test
FAIL: gcc.dg/torture/pr91323.c   -O2 -flto -fno-use-linker-plugin -flto-partition=none  execution test
FAIL: gcc.dg/torture/pr91323.c   -O2 -flto -fuse-linker-plugin -fno-fat-lto-objects  execution test
FAIL: gcc.dg/torture/pr91323.c   -O3 -g  execution test
FAIL: gcc.dg/torture/pr91323.c   -Os  execution test
FAIL: gcc.dg/tree-ssa/ssa-dom-cse-2.c scan-tree-dump optimized "return 28;"
FAIL: gcc.target/mips/branch-cost-2.c   -Os   scan-assembler \\t(movz|movn)\\t
FAIL: gcc.target/mips/branch-cost-2.c   -Os   scan-assembler-not \\t(bne|beq)\\t
FAIL: gcc.target/mips/call-2.c   -O0   scan-assembler-times \\\\.reloc\\t1f,R_MIPS_JALR,g\\n1:\\tjalrc?\\t 2
FAIL: gcc.target/mips/call-3.c   -O0   scan-assembler \\\\.reloc\\t1f,R_MIPS_JALR,g\\n1:\\tjalrc?\\t
FAIL: gcc.target/mips/call-4.c   -O0   scan-assembler \\\\.reloc\\t1f,R_MIPS_JALR,g\\n1:\\tjalrc?\\t
FAIL: gcc.target/mips/call-clobbered-3.c   -Os   scan-assembler-not mfc
FAIL: gcc.target/mips/call-clobbered-3.c   -Os   scan-assembler-not mtc
FAIL: gcc.target/mips/call-clobbered-3.c   -Os   scan-assembler-times lwc1 5
FAIL: gcc.target/mips/call-clobbered-3.c   -Os   scan-assembler-times swc1 3
FAIL: gcc.target/mips/call-clobbered-5.c   -Os   scan-assembler-not mfc
FAIL: gcc.target/mips/call-clobbered-5.c   -Os   scan-assembler-not mtc
FAIL: gcc.target/mips/call-clobbered-5.c   -Os   scan-assembler-times lwc1 3
FAIL: gcc.target/mips/call-clobbered-5.c   -Os   scan-assembler-times swc1 1
FAIL: gcc.target/mips/data-sym-multi-pool.c   -O0   scan-assembler \\t\\\\.type\\t(__pend_foo_[0-9]+), @function\\n\\\\1:\\n\\t\\\\.insn\\n.L[0-9]+:\\n
FAIL: gcc.target/mips/dspr2-MULT.c   -O1   scan-assembler \\\\\$ac1
FAIL: gcc.target/mips/dspr2-MULT.c   -Os   scan-assembler \\\\\$ac1
FAIL: gcc.target/mips/dspr2-MULTU.c   -O1   scan-assembler \\\\\$ac1
FAIL: gcc.target/mips/dspr2-MULTU.c   -Os   scan-assembler \\\\\$ac1
FAIL: gcc.target/mips/fpr-moves-6.c   -O1   scan-assembler \\tdmtc1\\t\\\\\$10,\\\\\$f0\\n
FAIL: gcc.target/mips/fpr-moves-6.c   -O2   scan-assembler \\tdmtc1\\t\\\\\$10,\\\\\$f0\\n
FAIL: gcc.target/mips/fpr-moves-6.c   -O2 -flto -fno-use-linker-plugin -flto-partition=none   scan-assembler \\tdmtc1\\t\\\\\$10,\\\\\$f0\\n
FAIL: gcc.target/mips/fpr-moves-6.c   -O2 -flto -fuse-linker-plugin -fno-fat-lto-objects   scan-assembler \\tdmtc1\\t\\\\\$10,\\\\\$f0\\n
FAIL: gcc.target/mips/fpr-moves-6.c   -O3 -g   scan-assembler \\tdmtc1\\t\\\\\$10,\\\\\$f0\\n
FAIL: gcc.target/mips/fpr-moves-6.c   -Os   scan-assembler \\tdmtc1\\t\\\\\$10,\\\\\$f0\\n
FAIL: gcc.target/mips/frame-header-4.c   -O1   scan-assembler-not \\taddiu\\t\\\\\$sp
FAIL: gcc.target/mips/frame-header-4.c   -O2   scan-assembler-not \\taddiu\\t\\\\\$sp
FAIL: gcc.target/mips/frame-header-4.c   -O2 -flto -fno-use-linker-plugin -flto-partition=none   scan-assembler-not \\taddiu\\t\\\\\$sp
FAIL: gcc.target/mips/frame-header-4.c   -O2 -flto -fuse-linker-plugin -fno-fat-lto-objects   scan-assembler-not \\taddiu\\t\\\\\$sp
FAIL: gcc.target/mips/frame-header-4.c   -O3 -g   scan-assembler-not \\taddiu\\t\\\\\$sp
FAIL: gcc.target/mips/frame-header-4.c   -Os   scan-assembler-not \\taddiu\\t\\\\\$sp
FAIL: gcc.target/mips/insn-pseudo-1.c   -O3 -g   scan-assembler \\tbeqz\\t\\\\\$[0-9]+,(.L[0-9]+)\\n.*\\n\\\\1:\\n\\t\\\\.insn\\n(?:.L[0-9]+ = \\\\.\\n)?\\t\\\\.end\\tunreachable\\n
FAIL: gcc.target/mips/insn-pseudo-2.c   -O3 -g   scan-assembler \\tbeqz\\t\\\\\$[0-9]+,(.L[0-9]+)\\n.*\\n\\\\1:\\n\\t\\\\.insn\\n(?:.L[0-9]+ = \\\\.\\n)?\\t\\\\.end\\tunreachable\\n
FAIL: gcc.target/mips/insn-pseudo-3.c   -O3 -g   scan-assembler \\tbeqz\\t\\\\\$[0-9]+,(.L[0-9]+)\\n.*\\n\\\\1:\\n\\t\\\\.insn\\n(?:.L[0-9]+ = \\\\.\\n)?\\t\\\\.end\\tunreachable\\n
FAIL: gcc.target/mips/insn-pseudo-4.c   -O0   scan-assembler \\tlw\\t(\\\\\$[0-9]+),(.L[0-9]+)\\n.*\\tbeqz\\t\\\\1,(.L[0-9]+)\\n.*\\n\\\\3:\\n\\t\\\\.insn\\n(?:.L[0-9]+ = \\\\.\\n)?\\t\\\\.type\\t__pool_unreachable_[0-9]+, @object\\n__pool_unreachable_[0-9]+:\\n\\t\\\\.align\\t2\\n\\\\2:\\n\\t\\\\.word\\t305419896\\n
FAIL: gcc.target/mips/insn-pseudo-4.c   -O3 -g   scan-assembler \\tlw\\t(\\\\\$[0-9]+),(.L[0-9]+)\\n.*\\tbeqz\\t\\\\1,(.L[0-9]+)\\n.*\\n\\\\3:\\n\\t\\\\.insn\\n(?:.L[0-9]+ = \\\\.\\n)?\\t\\\\.type\\t__pool_unreachable_[0-9]+, @object\\n__pool_unreachable_[0-9]+:\\n\\t\\\\.align\\t2\\n\\\\2:\\n\\t\\\\.word\\t305419896\\n
FAIL: gcc.target/mips/loongson-dctz.c   -O0   scan-assembler dctz\\t
FAIL: gcc.target/mips/loongson-dctz.c   -O1   scan-assembler dctz\\t
FAIL: gcc.target/mips/loongson-dctz.c   -O2   scan-assembler dctz\\t
FAIL: gcc.target/mips/loongson-dctz.c   -O2 -flto -fno-use-linker-plugin -flto-partition=none   scan-assembler dctz\\t
FAIL: gcc.target/mips/loongson-dctz.c   -O2 -flto -fuse-linker-plugin -fno-fat-lto-objects   scan-assembler dctz\\t
FAIL: gcc.target/mips/loongson-dctz.c   -O3 -g   scan-assembler dctz\\t
FAIL: gcc.target/mips/loongson-dctz.c   -Os   scan-assembler dctz\\t
FAIL: gcc.target/mips/lxc1-sxc1-2.c   -O1   scan-assembler \\tldxc1\\t
FAIL: gcc.target/mips/lxc1-sxc1-2.c   -O2   scan-assembler \\tldxc1\\t
FAIL: gcc.target/mips/lxc1-sxc1-2.c   -O2 -flto -fno-use-linker-plugin -flto-partition=none   scan-assembler \\tldxc1\\t
FAIL: gcc.target/mips/lxc1-sxc1-2.c   -O2 -flto -fuse-linker-plugin -fno-fat-lto-objects   scan-assembler \\tldxc1\\t
FAIL: gcc.target/mips/lxc1-sxc1-2.c   -O3 -fomit-frame-pointer -funroll-loops -fpeel-loops -ftracer -finline-functions   scan-assembler \\tldxc1\\t
FAIL: gcc.target/mips/lxc1-sxc1-2.c   -O3 -g   scan-assembler \\tldxc1\\t
FAIL: gcc.target/mips/lxc1-sxc1-2.c   -Os   scan-assembler \\tldxc1\\t
FAIL: gcc.target/mips/mips-builtins-pure.c   -O3 -g   scan-assembler-times ld 1
FAIL: gcc.target/mips/msa.c   -O1   scan-assembler-times test7_v2f64:.*fsub.d.*test7_v2f64 1
FAIL: gcc.target/mips/msa.c   -O1   scan-assembler-times test7_v4f32:.*fsub.w.*test7_v4f32 1
FAIL: gcc.target/mips/msa.c   -O2   scan-assembler-times test7_v2f64:.*fsub.d.*test7_v2f64 1
FAIL: gcc.target/mips/msa.c   -O2   scan-assembler-times test7_v4f32:.*fsub.w.*test7_v4f32 1
FAIL: gcc.target/mips/msa.c   -O2 -flto -fno-use-linker-plugin -flto-partition=none   scan-assembler-times test7_v2f64:.*fsub.d.*test7_v2f64 1
FAIL: gcc.target/mips/msa.c   -O2 -flto -fno-use-linker-plugin -flto-partition=none   scan-assembler-times test7_v4f32:.*fsub.w.*test7_v4f32 1
FAIL: gcc.target/mips/msa.c   -O2 -flto -fuse-linker-plugin -fno-fat-lto-objects   scan-assembler-times test7_v2f64:.*fsub.d.*test7_v2f64 1
FAIL: gcc.target/mips/msa.c   -O2 -flto -fuse-linker-plugin -fno-fat-lto-objects   scan-assembler-times test7_v4f32:.*fsub.w.*test7_v4f32 1
FAIL: gcc.target/mips/msa.c   -Os   scan-assembler-times test7_v2f64:.*fsub.d.*test7_v2f64 1
FAIL: gcc.target/mips/msa.c   -Os   scan-assembler-times test7_v4f32:.*fsub.w.*test7_v4f32 1
XPASS: gcc.target/mips/mult-10.c   -O1   scan-assembler-not \\tmflo\\t
XPASS: gcc.target/mips/mult-10.c   -O2   scan-assembler-not \\tmflo\\t
XPASS: gcc.target/mips/mult-10.c   -O2 -flto -fno-use-linker-plugin -flto-partition=none   scan-assembler-not \\tmflo\\t
XPASS: gcc.target/mips/mult-10.c   -O2 -flto -fuse-linker-plugin -fno-fat-lto-objects   scan-assembler-not \\tmflo\\t
XPASS: gcc.target/mips/mult-10.c   -O3 -g   scan-assembler-not \\tmflo\\t
XPASS: gcc.target/mips/mult-10.c   -Os   scan-assembler-not \\tmflo\\t
FAIL: gcc.target/mips/pr54240.c   -O2   scan-tree-dump phiopt1 "Hoisting adjacent loads"
FAIL: gcc.target/mips/pr54240.c   -O2 -flto -fno-use-linker-plugin -flto-partition=none   scan-tree-dump phiopt1 "Hoisting adjacent loads"
FAIL: gcc.target/mips/pr54240.c   -O2 -flto -fuse-linker-plugin -fno-fat-lto-objects   scan-tree-dump phiopt1 "Hoisting adjacent loads"
FAIL: gcc.target/mips/pr54240.c   -O3 -g   scan-tree-dump phiopt1 "Hoisting adjacent loads"
FAIL: gcc.target/mips/pr54240.c   -Os   scan-tree-dump phiopt1 "Hoisting adjacent loads"
FAIL: gcc.target/mips/pr91769.c   -O1   scan-assembler lw\\t\\\\\$4,0\\\\(\\\\\$5\\\\)\\n\\tlw\\t\\\\\$5,4\\\\(\\\\\$5\\\\)\\n\\tmtc1\\t\\\\\$4,\\\\\$.*\\n\\tmthc1\\t\\\\\$5,\\\\\$.*
FAIL: gcc.target/mips/pr91769.c   -O2   scan-assembler lw\\t\\\\\$4,0\\\\(\\\\\$5\\\\)\\n\\tlw\\t\\\\\$5,4\\\\(\\\\\$5\\\\)\\n\\tmtc1\\t\\\\\$4,\\\\\$.*\\n\\tmthc1\\t\\\\\$5,\\\\\$.*
FAIL: gcc.target/mips/pr91769.c   -O2 -flto -fno-use-linker-plugin -flto-partition=none   scan-assembler lw\\t\\\\\$4,0\\\\(\\\\\$5\\\\)\\n\\tlw\\t\\\\\$5,4\\\\(\\\\\$5\\\\)\\n\\tmtc1\\t\\\\\$4,\\\\\$.*\\n\\tmthc1\\t\\\\\$5,\\\\\$.*
FAIL: gcc.target/mips/pr91769.c   -O2 -flto -fuse-linker-plugin -fno-fat-lto-objects   scan-assembler lw\\t\\\\\$4,0\\\\(\\\\\$5\\\\)\\n\\tlw\\t\\\\\$5,4\\\\(\\\\\$5\\\\)\\n\\tmtc1\\t\\\\\$4,\\\\\$.*\\n\\tmthc1\\t\\\\\$5,\\\\\$.*
FAIL: gcc.target/mips/pr91769.c   -Os   scan-assembler lw\\t\\\\\$4,0\\\\(\\\\\$5\\\\)\\n\\tlw\\t\\\\\$5,4\\\\(\\\\\$5\\\\)\\n\\tmtc1\\t\\\\\$4,\\\\\$.*\\n\\tmthc1\\t\\\\\$5,\\\\\$.*
FAIL: gcc.target/mips/save-restore-3.c   -O0   scan-assembler \\tsave\\t\\\\\$4-\\\\\$6,
FAIL: gcc.target/mips/unaligned-2.c   -O1   scan-assembler-times \\tlw\\t 1
FAIL: gcc.target/mips/unaligned-2.c   -O2   scan-assembler-times \\tlw\\t 1
FAIL: gcc.target/mips/unaligned-2.c   -O2 -flto -fno-use-linker-plugin -flto-partition=none   scan-assembler-times \\tlw\\t 1
FAIL: gcc.target/mips/unaligned-2.c   -O2 -flto -fuse-linker-plugin -fno-fat-lto-objects   scan-assembler-times \\tlw\\t 1
FAIL: gcc.target/mips/unaligned-2.c   -O3 -g   scan-assembler-times \\tlw\\t 1
FAIL: gcc.target/mips/unaligned-2.c   -Os   scan-assembler-times \\tlw\\t 1
FAIL: gcc.target/mips/unaligned-3.c   -O1   scan-assembler-not \\tlw\\t
FAIL: gcc.target/mips/unaligned-3.c   -O2   scan-assembler-not \\tlw\\t
FAIL: gcc.target/mips/unaligned-3.c   -O2 -flto -fno-use-linker-plugin -flto-partition=none   scan-assembler-not \\tlw\\t
FAIL: gcc.target/mips/unaligned-3.c   -O2 -flto -fuse-linker-plugin -fno-fat-lto-objects   scan-assembler-not \\tlw\\t
FAIL: gcc.target/mips/unaligned-3.c   -O3 -g   scan-assembler-not \\tlw\\t
FAIL: gcc.target/mips/unaligned-3.c   -Os   scan-assembler-not \\tlw\\t

		=== gcc Summary for unix/-mabi=n32 ===

# of expected passes		154961
# of unexpected failures	129
# of unexpected successes	6
# of expected failures		1062
# of unsupported tests		2431

		=== gcc Summary ===

# of expected passes		463527
# of unexpected failures	400
# of unexpected successes	18
# of expected failures		3186
# of unresolved testcases	2
# of unsupported tests		7689
/var/tmp/portage/sys-devel/gcc-12.5.0-r5/work/build/gcc/xgcc  version 12.5.0 (Gentoo 12.5.0-r5 p3) 

		=== gfortran tests ===


Running target unix/-mabi=32
FAIL: gfortran.dg/allocatable_function_8.f90   -O0  execution test
FAIL: gfortran.dg/array_function_5.f90   -O0  execution test
FAIL: gfortran.dg/bessel_1.f90   -O0  execution test
FAIL: gfortran.dg/bessel_7.f90   -O0  execution test
FAIL: gfortran.dg/bessel_7.f90   -O1  execution test
FAIL: gfortran.dg/bessel_7.f90   -O2  execution test
FAIL: gfortran.dg/bessel_7.f90   -O3 -fomit-frame-pointer -funroll-loops -fpeel-loops -ftracer -finline-functions  execution test
FAIL: gfortran.dg/bessel_7.f90   -O3 -g  execution test
FAIL: gfortran.dg/bessel_7.f90   -Os  execution test
FAIL: gfortran.dg/bind_c_array_params_2.f90   -O   scan-assembler-times [ \\t][\$,_0-9]*myBindC 1
FAIL: gfortran.dg/char5_iunit_1.f03   -O0  execution test
FAIL: gfortran.dg/char5_iunit_1.f03   -O1  execution test
FAIL: gfortran.dg/char5_iunit_1.f03   -O2  execution test
FAIL: gfortran.dg/char5_iunit_1.f03   -O3 -fomit-frame-pointer -funroll-loops -fpeel-loops -ftracer -finline-functions  execution test
FAIL: gfortran.dg/char5_iunit_1.f03   -O3 -g  execution test
FAIL: gfortran.dg/char5_iunit_1.f03   -Os  execution test
FAIL: gfortran.dg/char5_iunit_2.f03   -O0  execution test
FAIL: gfortran.dg/char5_iunit_2.f03   -O1  execution test
FAIL: gfortran.dg/char5_iunit_2.f03   -O2  execution test
FAIL: gfortran.dg/char5_iunit_2.f03   -O3 -fomit-frame-pointer -funroll-loops -fpeel-loops -ftracer -finline-functions  execution test
FAIL: gfortran.dg/char5_iunit_2.f03   -O3 -g  execution test
FAIL: gfortran.dg/char5_iunit_2.f03   -Os  execution test
FAIL: gfortran.dg/complex_intrinsic_5.f90   -O0  execution test
FAIL: gfortran.dg/complex_intrinsic_5.f90   -O1  execution test
FAIL: gfortran.dg/complex_intrinsic_5.f90   -O2  execution test
FAIL: gfortran.dg/complex_intrinsic_5.f90   -O3 -fomit-frame-pointer -funroll-loops -fpeel-loops -ftracer -finline-functions  execution test
FAIL: gfortran.dg/complex_intrinsic_5.f90   -O3 -g  execution test
FAIL: gfortran.dg/complex_intrinsic_5.f90   -Os  execution test
FAIL: gfortran.dg/dec_math.f90   -O0  execution test
FAIL: gfortran.dg/dec_math.f90   -O1  execution test
FAIL: gfortran.dg/dec_math.f90   -O2  execution test
FAIL: gfortran.dg/dec_math.f90   -O3 -fomit-frame-pointer -funroll-loops -fpeel-loops -ftracer -finline-functions  execution test
FAIL: gfortran.dg/dec_math.f90   -O3 -g  execution test
FAIL: gfortran.dg/dec_math.f90   -Os  execution test
FAIL: gfortran.dg/default_format_1.f90   -O0  execution test
FAIL: gfortran.dg/default_format_1.f90   -O1  execution test
FAIL: gfortran.dg/default_format_1.f90   -O2  execution test
FAIL: gfortran.dg/default_format_1.f90   -O3 -fomit-frame-pointer -funroll-loops -fpeel-loops -ftracer -finline-functions  execution test
FAIL: gfortran.dg/default_format_1.f90   -O3 -g  execution test
FAIL: gfortran.dg/default_format_1.f90   -Os  execution test
FAIL: gfortran.dg/default_format_denormal_1.f90   -O0  execution test
FAIL: gfortran.dg/default_format_denormal_1.f90   -O1  execution test
FAIL: gfortran.dg/default_format_denormal_1.f90   -O2  execution test
FAIL: gfortran.dg/default_format_denormal_1.f90   -O3 -fomit-frame-pointer -funroll-loops -fpeel-loops -ftracer -finline-functions  execution test
FAIL: gfortran.dg/default_format_denormal_1.f90   -O3 -g  execution test
FAIL: gfortran.dg/default_format_denormal_1.f90   -Os  execution test
FAIL: gfortran.dg/deferred_type_param_8.f90   -O0  execution test
FAIL: gfortran.dg/deferred_type_param_8.f90   -O1  execution test
FAIL: gfortran.dg/deferred_type_param_8.f90   -O2  execution test
FAIL: gfortran.dg/deferred_type_param_8.f90   -O3 -fomit-frame-pointer -funroll-loops -fpeel-loops -ftracer -finline-functions  execution test
FAIL: gfortran.dg/deferred_type_param_8.f90   -O3 -g  execution test
FAIL: gfortran.dg/deferred_type_param_8.f90   -Os  execution test
FAIL: gfortran.dg/edit_real_1.f90   -O0  execution test
FAIL: gfortran.dg/edit_real_1.f90   -O1  execution test
FAIL: gfortran.dg/edit_real_1.f90   -O2  execution test
FAIL: gfortran.dg/edit_real_1.f90   -O3 -fomit-frame-pointer -funroll-loops -fpeel-loops -ftracer -finline-functions  execution test
FAIL: gfortran.dg/edit_real_1.f90   -O3 -g  execution test
FAIL: gfortran.dg/edit_real_1.f90   -Os  execution test
FAIL: gfortran.dg/erfc_scaled_1.f90   -O0  execution test
FAIL: gfortran.dg/erfc_scaled_1.f90   -O1  execution test
FAIL: gfortran.dg/erfc_scaled_1.f90   -O2  execution test
FAIL: gfortran.dg/erfc_scaled_1.f90   -O3 -fomit-frame-pointer -funroll-loops -fpeel-loops -ftracer -finline-functions  execution test
FAIL: gfortran.dg/erfc_scaled_1.f90   -O3 -g  execution test
FAIL: gfortran.dg/erfc_scaled_1.f90   -Os  execution test
FAIL: gfortran.dg/f2c_2.f90   -O0  execution test
FAIL: gfortran.dg/fmt_e.f90   -O0  execution test
FAIL: gfortran.dg/fmt_e.f90   -O1  execution test
FAIL: gfortran.dg/fmt_e.f90   -O2  execution test
FAIL: gfortran.dg/fmt_e.f90   -O3 -fomit-frame-pointer -funroll-loops -fpeel-loops -ftracer -finline-functions  execution test
FAIL: gfortran.dg/fmt_e.f90   -O3 -g  execution test
FAIL: gfortran.dg/fmt_e.f90   -Os  execution test
FAIL: gfortran.dg/fmt_en.f90   -O0  output pattern test
FAIL: gfortran.dg/fmt_en.f90   -O1  output pattern test
FAIL: gfortran.dg/fmt_en.f90   -O2  output pattern test
FAIL: gfortran.dg/fmt_en.f90   -O3 -fomit-frame-pointer -funroll-loops -fpeel-loops -ftracer -finline-functions  output pattern test
FAIL: gfortran.dg/fmt_en.f90   -O3 -g  output pattern test
FAIL: gfortran.dg/fmt_en.f90   -Os  output pattern test
FAIL: gfortran.dg/fmt_en_rd.f90   -O0  output pattern test
FAIL: gfortran.dg/fmt_en_rd.f90   -O1  output pattern test
FAIL: gfortran.dg/fmt_en_rd.f90   -O2  output pattern test
FAIL: gfortran.dg/fmt_en_rd.f90   -O3 -fomit-frame-pointer -funroll-loops -fpeel-loops -ftracer -finline-functions  output pattern test
FAIL: gfortran.dg/fmt_en_rd.f90   -O3 -g  output pattern test
FAIL: gfortran.dg/fmt_en_rd.f90   -Os  output pattern test
FAIL: gfortran.dg/fmt_en_rn.f90   -O0  output pattern test
FAIL: gfortran.dg/fmt_en_rn.f90   -O1  output pattern test
FAIL: gfortran.dg/fmt_en_rn.f90   -O2  output pattern test
FAIL: gfortran.dg/fmt_en_rn.f90   -O3 -fomit-frame-pointer -funroll-loops -fpeel-loops -ftracer -finline-functions  output pattern test
FAIL: gfortran.dg/fmt_en_rn.f90   -O3 -g  output pattern test
FAIL: gfortran.dg/fmt_en_rn.f90   -Os  output pattern test
FAIL: gfortran.dg/fmt_en_ru.f90   -O0  output pattern test
FAIL: gfortran.dg/fmt_en_ru.f90   -O1  output pattern test
FAIL: gfortran.dg/fmt_en_ru.f90   -O2  output pattern test
FAIL: gfortran.dg/fmt_en_ru.f90   -O3 -fomit-frame-pointer -funroll-loops -fpeel-loops -ftracer -finline-functions  output pattern test
FAIL: gfortran.dg/fmt_en_ru.f90   -O3 -g  output pattern test
FAIL: gfortran.dg/fmt_en_ru.f90   -Os  output pattern test
FAIL: gfortran.dg/fmt_en_rz.f90   -O0  output pattern test
FAIL: gfortran.dg/fmt_en_rz.f90   -O1  output pattern test
FAIL: gfortran.dg/fmt_en_rz.f90   -O2  output pattern test
FAIL: gfortran.dg/fmt_en_rz.f90   -O3 -fomit-frame-pointer -funroll-loops -fpeel-loops -ftracer -finline-functions  output pattern test
FAIL: gfortran.dg/fmt_en_rz.f90   -O3 -g  output pattern test
FAIL: gfortran.dg/fmt_en_rz.f90   -Os  output pattern test
FAIL: gfortran.dg/fmt_float.f90   -O0  output pattern test
FAIL: gfortran.dg/fmt_float.f90   -O1  output pattern test
FAIL: gfortran.dg/fmt_float.f90   -O2  output pattern test
FAIL: gfortran.dg/fmt_float.f90   -O3 -fomit-frame-pointer -funroll-loops -fpeel-loops -ftracer -finline-functions  output pattern test
FAIL: gfortran.dg/fmt_float.f90   -O3 -g  output pattern test
FAIL: gfortran.dg/fmt_float.f90   -Os  output pattern test
FAIL: gfortran.dg/fmt_fw_d.f90   -O0  execution test
FAIL: gfortran.dg/fmt_fw_d.f90   -O1  execution test
FAIL: gfortran.dg/fmt_fw_d.f90   -O2  execution test
FAIL: gfortran.dg/fmt_fw_d.f90   -O3 -fomit-frame-pointer -funroll-loops -fpeel-loops -ftracer -finline-functions  execution test
FAIL: gfortran.dg/fmt_fw_d.f90   -O3 -g  execution test
FAIL: gfortran.dg/fmt_fw_d.f90   -Os  execution test
FAIL: gfortran.dg/fmt_g.f   -O0  execution test
FAIL: gfortran.dg/fmt_g.f   -O1  execution test
FAIL: gfortran.dg/fmt_g.f   -O2  execution test
FAIL: gfortran.dg/fmt_g.f   -O3 -fomit-frame-pointer -funroll-loops -fpeel-loops -ftracer -finline-functions  execution test
FAIL: gfortran.dg/fmt_g.f   -O3 -g  execution test
FAIL: gfortran.dg/fmt_g.f   -Os  execution test
FAIL: gfortran.dg/fmt_g_default_field_width_1.f90   -O0  execution test
FAIL: gfortran.dg/fmt_g_default_field_width_1.f90   -O1  execution test
FAIL: gfortran.dg/fmt_g_default_field_width_1.f90   -O2  execution test
FAIL: gfortran.dg/fmt_g_default_field_width_1.f90   -O3 -fomit-frame-pointer -funroll-loops -fpeel-loops -ftracer -finline-functions  execution test
FAIL: gfortran.dg/fmt_g_default_field_width_1.f90   -O3 -g  execution test
FAIL: gfortran.dg/fmt_g_default_field_width_1.f90   -Os  execution test
FAIL: gfortran.dg/fmt_g_default_field_width_2.f90   -O0  execution test
FAIL: gfortran.dg/fmt_g_default_field_width_2.f90   -O1  execution test
FAIL: gfortran.dg/fmt_g_default_field_width_2.f90   -O2  execution test
FAIL: gfortran.dg/fmt_g_default_field_width_2.f90   -O3 -fomit-frame-pointer -funroll-loops -fpeel-loops -ftracer -finline-functions  execution test
FAIL: gfortran.dg/fmt_g_default_field_width_2.f90   -O3 -g  execution test
FAIL: gfortran.dg/fmt_g_default_field_width_2.f90   -Os  execution test
FAIL: gfortran.dg/fmt_pf.f90   -O0  output pattern test
FAIL: gfortran.dg/fmt_pf.f90   -O1  output pattern test
FAIL: gfortran.dg/fmt_pf.f90   -O2  output pattern test
FAIL: gfortran.dg/fmt_pf.f90   -O3 -fomit-frame-pointer -funroll-loops -fpeel-loops -ftracer -finline-functions  output pattern test
FAIL: gfortran.dg/fmt_pf.f90   -O3 -g  output pattern test
FAIL: gfortran.dg/fmt_pf.f90   -Os  output pattern test
FAIL: gfortran.dg/fmt_read_bz_bn.f90   -O0  execution test
FAIL: gfortran.dg/fmt_read_bz_bn.f90   -O1  execution test
FAIL: gfortran.dg/fmt_read_bz_bn.f90   -O2  execution test
FAIL: gfortran.dg/fmt_read_bz_bn.f90   -O3 -fomit-frame-pointer -funroll-loops -fpeel-loops -ftracer -finline-functions  execution test
FAIL: gfortran.dg/fmt_read_bz_bn.f90   -O3 -g  execution test
FAIL: gfortran.dg/fmt_read_bz_bn.f90   -Os  execution test
FAIL: gfortran.dg/fmt_tl.f   -O0  execution test
FAIL: gfortran.dg/fmt_tl.f   -O1  execution test
FAIL: gfortran.dg/fmt_tl.f   -O2  execution test
FAIL: gfortran.dg/fmt_tl.f   -O3 -fomit-frame-pointer -funroll-loops -fpeel-loops -ftracer -finline-functions  execution test
FAIL: gfortran.dg/fmt_tl.f   -O3 -g  execution test
FAIL: gfortran.dg/fmt_tl.f   -Os  execution test
FAIL: gfortran.dg/fmt_white.f   -O0  execution test
FAIL: gfortran.dg/fmt_white.f   -O1  execution test
FAIL: gfortran.dg/fmt_white.f   -O2  execution test
FAIL: gfortran.dg/fmt_white.f   -O3 -fomit-frame-pointer -funroll-loops -fpeel-loops -ftracer -finline-functions  execution test
FAIL: gfortran.dg/fmt_white.f   -O3 -g  execution test
FAIL: gfortran.dg/fmt_white.f   -Os  execution test
FAIL: gfortran.dg/fmt_zero_precision.f90   -O0  output pattern test
FAIL: gfortran.dg/fmt_zero_precision.f90   -O1  output pattern test
FAIL: gfortran.dg/fmt_zero_precision.f90   -O2  output pattern test
FAIL: gfortran.dg/fmt_zero_precision.f90   -O3 -fomit-frame-pointer -funroll-loops -fpeel-loops -ftracer -finline-functions  output pattern test
FAIL: gfortran.dg/fmt_zero_precision.f90   -O3 -g  output pattern test
FAIL: gfortran.dg/fmt_zero_precision.f90   -Os  output pattern test
FAIL: gfortran.dg/fmt_zero_width.f90   -O0  execution test
FAIL: gfortran.dg/fmt_zero_width.f90   -O1  execution test
FAIL: gfortran.dg/fmt_zero_width.f90   -O2  execution test
FAIL: gfortran.dg/fmt_zero_width.f90   -O3 -fomit-frame-pointer -funroll-loops -fpeel-loops -ftracer -finline-functions  execution test
FAIL: gfortran.dg/fmt_zero_width.f90   -O3 -g  execution test
FAIL: gfortran.dg/fmt_zero_width.f90   -Os  execution test
FAIL: gfortran.dg/fold_nearest.f90   -O0  execution test
FAIL: gfortran.dg/gamma_5.f90   -O0  execution test
FAIL: gfortran.dg/gamma_5.f90   -O1  execution test
FAIL: gfortran.dg/gamma_5.f90   -O2  execution test
FAIL: gfortran.dg/gamma_5.f90   -O3 -fomit-frame-pointer -funroll-loops -fpeel-loops -ftracer -finline-functions  execution test
FAIL: gfortran.dg/gamma_5.f90   -O3 -g  execution test
FAIL: gfortran.dg/gamma_5.f90   -Os  execution test
FAIL: gfortran.dg/hypot_1.f90   -O0  execution test
FAIL: gfortran.dg/inline_matmul_3.f90   -O  execution test
FAIL: gfortran.dg/inline_sum_5.f90   -Os  execution test
FAIL: gfortran.dg/inquiry_type_ref_1.f08   -O0  execution test
FAIL: gfortran.dg/inquiry_type_ref_1.f08   -O1  execution test
FAIL: gfortran.dg/inquiry_type_ref_1.f08   -O2  execution test
FAIL: gfortran.dg/inquiry_type_ref_1.f08   -O3 -fomit-frame-pointer -funroll-loops -fpeel-loops -ftracer -finline-functions  execution test
FAIL: gfortran.dg/inquiry_type_ref_1.f08   -O3 -g  execution test
FAIL: gfortran.dg/inquiry_type_ref_1.f08   -Os  execution test
FAIL: gfortran.dg/integer_exponentiation_2.f90   -O0  execution test
FAIL: gfortran.dg/integer_exponentiation_2.f90   -Os  execution test
FAIL: gfortran.dg/matmul_1.f90   -O0  execution test
FAIL: gfortran.dg/matmul_20.f90   -O0  execution test
FAIL: gfortran.dg/matmul_4.f90   -O0  execution test
FAIL: gfortran.dg/matmul_4.f90   -O1  execution test
FAIL: gfortran.dg/matmul_4.f90   -O2  execution test
FAIL: gfortran.dg/matmul_4.f90   -O3 -fomit-frame-pointer -funroll-loops -fpeel-loops -ftracer -finline-functions  execution test
FAIL: gfortran.dg/matmul_4.f90   -O3 -g  execution test
FAIL: gfortran.dg/matmul_4.f90   -Os  execution test
FAIL: gfortran.dg/matmul_bounds_12.f90   -O0  execution test
FAIL: gfortran.dg/matmul_bounds_6.f90   -O0  execution test
FAIL: gfortran.dg/maxloc_2.f90   -O0  execution test
FAIL: gfortran.dg/maxlocval_4.f90   -O0  execution test
FAIL: gfortran.dg/maxlocval_4.f90   -O1  execution test
FAIL: gfortran.dg/maxlocval_4.f90   -O2  execution test
FAIL: gfortran.dg/maxlocval_4.f90   -O3 -fomit-frame-pointer -funroll-loops -fpeel-loops -ftracer -finline-functions  execution test
FAIL: gfortran.dg/maxlocval_4.f90   -O3 -g  execution test
FAIL: gfortran.dg/maxlocval_4.f90   -Os  execution test
FAIL: gfortran.dg/minloc_1.f90   -O0  execution test
FAIL: gfortran.dg/minloc_3.f90   -O0  execution test
FAIL: gfortran.dg/minlocval_3.f90   -O0  execution test
FAIL: gfortran.dg/minlocval_3.f90   -O1  execution test
FAIL: gfortran.dg/minlocval_3.f90   -O2  execution test
FAIL: gfortran.dg/minlocval_3.f90   -O3 -fomit-frame-pointer -funroll-loops -fpeel-loops -ftracer -finline-functions  execution test
FAIL: gfortran.dg/minlocval_3.f90   -O3 -g  execution test
FAIL: gfortran.dg/minlocval_3.f90   -Os  execution test
FAIL: gfortran.dg/minlocval_4.f90   -O0  execution test
FAIL: gfortran.dg/minlocval_4.f90   -O1  execution test
FAIL: gfortran.dg/minlocval_4.f90   -O2  execution test
FAIL: gfortran.dg/minlocval_4.f90   -O3 -fomit-frame-pointer -funroll-loops -fpeel-loops -ftracer -finline-functions  execution test
FAIL: gfortran.dg/minlocval_4.f90   -O3 -g  execution test
FAIL: gfortran.dg/minlocval_4.f90   -Os  execution test
FAIL: gfortran.dg/minmaxloc_4.f90   -Os  execution test
FAIL: gfortran.dg/minmaxloc_7.f90   -O0  execution test
FAIL: gfortran.dg/module_nan.f90   -O0  execution test
FAIL: gfortran.dg/module_nan.f90   -O1  execution test
FAIL: gfortran.dg/module_nan.f90   -O2  execution test
FAIL: gfortran.dg/module_nan.f90   -O3 -fomit-frame-pointer -funroll-loops -fpeel-loops -ftracer -finline-functions  execution test
FAIL: gfortran.dg/module_nan.f90   -O3 -g  execution test
FAIL: gfortran.dg/module_nan.f90   -Os  execution test
FAIL: gfortran.dg/namelist_13.f90   -O0  execution test
FAIL: gfortran.dg/namelist_13.f90   -O1  execution test
FAIL: gfortran.dg/namelist_13.f90   -O2  execution test
FAIL: gfortran.dg/namelist_13.f90   -O3 -fomit-frame-pointer -funroll-loops -fpeel-loops -ftracer -finline-functions  execution test
FAIL: gfortran.dg/namelist_13.f90   -O3 -g  execution test
FAIL: gfortran.dg/namelist_13.f90   -Os  execution test
FAIL: gfortran.dg/nearest_1.f90   -O0  execution test
FAIL: gfortran.dg/nearest_1.f90   -O1  execution test
FAIL: gfortran.dg/nearest_1.f90   -O2  execution test
FAIL: gfortran.dg/nearest_1.f90   -O3 -fomit-frame-pointer -funroll-loops -fpeel-loops -ftracer -finline-functions  execution test
FAIL: gfortran.dg/nearest_1.f90   -O3 -g  execution test
FAIL: gfortran.dg/nearest_1.f90   -Os  execution test
FAIL: gfortran.dg/nearest_3.f90   -O0  execution test
FAIL: gfortran.dg/nearest_3.f90   -O1  execution test
FAIL: gfortran.dg/nearest_3.f90   -O2  execution test
FAIL: gfortran.dg/nearest_3.f90   -O3 -fomit-frame-pointer -funroll-loops -fpeel-loops -ftracer -finline-functions  execution test
FAIL: gfortran.dg/nearest_3.f90   -O3 -g  execution test
FAIL: gfortran.dg/nearest_3.f90   -Os  execution test
FAIL: gfortran.dg/nearest_6.f90   -O0  execution test
FAIL: gfortran.dg/nearest_6.f90   -O1  execution test
FAIL: gfortran.dg/nearest_6.f90   -O2  execution test
FAIL: gfortran.dg/nearest_6.f90   -O3 -fomit-frame-pointer -funroll-loops -fpeel-loops -ftracer -finline-functions  execution test
FAIL: gfortran.dg/nearest_6.f90   -O3 -g  execution test
FAIL: gfortran.dg/nearest_6.f90   -Os  execution test
FAIL: gfortran.dg/norm2_1.f90   -O0  execution test
FAIL: gfortran.dg/norm2_1.f90   -O1  execution test
FAIL: gfortran.dg/norm2_1.f90   -O2  execution test
FAIL: gfortran.dg/norm2_1.f90   -O3 -fomit-frame-pointer -funroll-loops -fpeel-loops -ftracer -finline-functions  execution test
FAIL: gfortran.dg/norm2_1.f90   -O3 -g  execution test
FAIL: gfortran.dg/norm2_1.f90   -Os  execution test
FAIL: gfortran.dg/operator_1.f90   -O0  execution test
FAIL: gfortran.dg/output_exponents_1.f90   -O0  execution test
FAIL: gfortran.dg/output_exponents_1.f90   -O1  execution test
FAIL: gfortran.dg/output_exponents_1.f90   -O2  execution test
FAIL: gfortran.dg/output_exponents_1.f90   -O3 -fomit-frame-pointer -funroll-loops -fpeel-loops -ftracer -finline-functions  execution test
FAIL: gfortran.dg/output_exponents_1.f90   -O3 -g  execution test
FAIL: gfortran.dg/output_exponents_1.f90   -Os  execution test
FAIL: gfortran.dg/pr120191_1.f90   -O3 -fomit-frame-pointer -funroll-loops -fpeel-loops -ftracer -finline-functions  (test for excess errors)
UNRESOLVED: gfortran.dg/pr120191_1.f90   -O3 -fomit-frame-pointer -funroll-loops -fpeel-loops -ftracer -finline-functions  compilation failed to produce executable
FAIL: gfortran.dg/pr18025.f90   -O0  execution test
FAIL: gfortran.dg/pr18025.f90   -O1  execution test
FAIL: gfortran.dg/pr18025.f90   -O2  execution test
FAIL: gfortran.dg/pr18025.f90   -O3 -fomit-frame-pointer -funroll-loops -fpeel-loops -ftracer -finline-functions  execution test
FAIL: gfortran.dg/pr18025.f90   -O3 -g  execution test
FAIL: gfortran.dg/pr18025.f90   -Os  execution test
FAIL: gfortran.dg/pr20755.f   -O0  execution test
FAIL: gfortran.dg/pr20755.f   -O1  execution test
FAIL: gfortran.dg/pr20755.f   -O2  execution test
FAIL: gfortran.dg/pr20755.f   -O3 -fomit-frame-pointer -funroll-loops -fpeel-loops -ftracer -finline-functions  execution test
FAIL: gfortran.dg/pr20755.f   -O3 -g  execution test
FAIL: gfortran.dg/pr20755.f   -Os  execution test
FAIL: gfortran.dg/pr85938.f90   -O0  execution test
FAIL: gfortran.dg/pr95690.f90   -O   (test for errors, line 6)
FAIL: gfortran.dg/pr95690.f90   -O  (test for excess errors)
FAIL: gfortran.dg/pr96436_1.f90   -O0  execution test
FAIL: gfortran.dg/pr96436_1.f90   -O1  execution test
FAIL: gfortran.dg/pr96436_1.f90   -O2  execution test
FAIL: gfortran.dg/pr96436_1.f90   -O3 -fomit-frame-pointer -funroll-loops -fpeel-loops -ftracer -finline-functions  execution test
FAIL: gfortran.dg/pr96436_1.f90   -O3 -g  execution test
FAIL: gfortran.dg/pr96436_1.f90   -Os  execution test
FAIL: gfortran.dg/pr96436_2.f90   -O0  execution test
FAIL: gfortran.dg/pr96436_2.f90   -O1  execution test
FAIL: gfortran.dg/pr96436_2.f90   -O2  execution test
FAIL: gfortran.dg/pr96436_2.f90   -O3 -fomit-frame-pointer -funroll-loops -fpeel-loops -ftracer -finline-functions  execution test
FAIL: gfortran.dg/pr96436_2.f90   -O3 -g  execution test
FAIL: gfortran.dg/pr96436_2.f90   -Os  execution test
FAIL: gfortran.dg/pr96436_3.f90   -O0  execution test
FAIL: gfortran.dg/pr96436_3.f90   -O1  execution test
FAIL: gfortran.dg/pr96436_3.f90   -O2  execution test
FAIL: gfortran.dg/pr96436_3.f90   -O3 -fomit-frame-pointer -funroll-loops -fpeel-loops -ftracer -finline-functions  execution test
FAIL: gfortran.dg/pr96436_3.f90   -O3 -g  execution test
FAIL: gfortran.dg/pr96436_3.f90   -Os  execution test
FAIL: gfortran.dg/pr96436_4.f90   -O0  execution test
FAIL: gfortran.dg/pr96436_4.f90   -O1  execution test
FAIL: gfortran.dg/pr96436_4.f90   -O2  execution test
FAIL: gfortran.dg/pr96436_4.f90   -O3 -fomit-frame-pointer -funroll-loops -fpeel-loops -ftracer -finline-functions  execution test
FAIL: gfortran.dg/pr96436_4.f90   -O3 -g  execution test
FAIL: gfortran.dg/pr96436_4.f90   -Os  execution test
FAIL: gfortran.dg/pr96436_5.f90   -O0  execution test
FAIL: gfortran.dg/pr96436_5.f90   -O1  execution test
FAIL: gfortran.dg/pr96436_5.f90   -O2  execution test
FAIL: gfortran.dg/pr96436_5.f90   -O3 -fomit-frame-pointer -funroll-loops -fpeel-loops -ftracer -finline-functions  execution test
FAIL: gfortran.dg/pr96436_5.f90   -O3 -g  execution test
FAIL: gfortran.dg/pr96436_5.f90   -Os  execution test
FAIL: gfortran.dg/product_init_expr.f03   -O0  execution test
FAIL: gfortran.dg/product_init_expr.f03   -O1  execution test
FAIL: gfortran.dg/product_init_expr.f03   -O2  execution test
FAIL: gfortran.dg/product_init_expr.f03   -O3 -fomit-frame-pointer -funroll-loops -fpeel-loops -ftracer -finline-functions  execution test
FAIL: gfortran.dg/product_init_expr.f03   -O3 -g  execution test
FAIL: gfortran.dg/product_init_expr.f03   -Os  execution test
FAIL: gfortran.dg/read_5.f90   -O0  execution test
FAIL: gfortran.dg/read_5.f90   -O1  execution test
FAIL: gfortran.dg/read_5.f90   -O2  execution test
FAIL: gfortran.dg/read_5.f90   -O3 -fomit-frame-pointer -funroll-loops -fpeel-loops -ftracer -finline-functions  execution test
FAIL: gfortran.dg/read_float_3.f90   -O0  execution test
FAIL: gfortran.dg/read_float_3.f90   -O1  execution test
FAIL: gfortran.dg/read_float_3.f90   -O2  execution test
FAIL: gfortran.dg/read_float_3.f90   -O3 -fomit-frame-pointer -funroll-loops -fpeel-loops -ftracer -finline-functions  execution test
FAIL: gfortran.dg/read_float_3.f90   -O3 -g  execution test
FAIL: gfortran.dg/read_float_3.f90   -Os  execution test
FAIL: gfortran.dg/read_infnan_1.f90   -O0  execution test
FAIL: gfortran.dg/read_infnan_1.f90   -O1  execution test
FAIL: gfortran.dg/read_infnan_1.f90   -O2  execution test
FAIL: gfortran.dg/read_infnan_1.f90   -O3 -fomit-frame-pointer -funroll-loops -fpeel-loops -ftracer -finline-functions  execution test
FAIL: gfortran.dg/read_infnan_1.f90   -O3 -g  execution test
FAIL: gfortran.dg/read_infnan_1.f90   -Os  execution test
FAIL: gfortran.dg/real_const_3.f90   -O0  execution test
FAIL: gfortran.dg/real_const_3.f90   -O1  execution test
FAIL: gfortran.dg/real_const_3.f90   -O2  execution test
FAIL: gfortran.dg/real_const_3.f90   -O3 -fomit-frame-pointer -funroll-loops -fpeel-loops -ftracer -finline-functions  execution test
FAIL: gfortran.dg/real_const_3.f90   -O3 -g  execution test
FAIL: gfortran.dg/real_const_3.f90   -Os  execution test
FAIL: gfortran.dg/round_1.f03   -O0  execution test
FAIL: gfortran.dg/round_1.f03   -O1  execution test
FAIL: gfortran.dg/round_1.f03   -O2  execution test
FAIL: gfortran.dg/round_1.f03   -O3 -fomit-frame-pointer -funroll-loops -fpeel-loops -ftracer -finline-functions  execution test
FAIL: gfortran.dg/round_1.f03   -O3 -g  execution test
FAIL: gfortran.dg/round_1.f03   -Os  execution test
FAIL: gfortran.dg/round_2.f03   -O0  execution test
FAIL: gfortran.dg/round_2.f03   -O1  execution test
FAIL: gfortran.dg/round_2.f03   -O2  execution test
FAIL: gfortran.dg/round_2.f03   -O3 -fomit-frame-pointer -funroll-loops -fpeel-loops -ftracer -finline-functions  execution test
FAIL: gfortran.dg/round_2.f03   -O3 -g  execution test
FAIL: gfortran.dg/round_2.f03   -Os  execution test
FAIL: gfortran.dg/round_3.f08   -O0  execution test
FAIL: gfortran.dg/round_3.f08   -O1  execution test
FAIL: gfortran.dg/round_3.f08   -O2  execution test
FAIL: gfortran.dg/round_3.f08   -O3 -fomit-frame-pointer -funroll-loops -fpeel-loops -ftracer -finline-functions  execution test
FAIL: gfortran.dg/round_3.f08   -O3 -g  execution test
FAIL: gfortran.dg/round_3.f08   -Os  execution test
FAIL: gfortran.dg/round_4.f90   -O0  execution test
FAIL: gfortran.dg/scalar_mask_2.f90   -O0  execution test
FAIL: gfortran.dg/scalar_mask_2.f90   -O1  execution test
FAIL: gfortran.dg/scalar_mask_2.f90   -O2  execution test
FAIL: gfortran.dg/scalar_mask_2.f90   -O3 -fomit-frame-pointer -funroll-loops -fpeel-loops -ftracer -finline-functions  execution test
FAIL: gfortran.dg/scalar_mask_2.f90   -O3 -g  execution test
FAIL: gfortran.dg/scalar_mask_2.f90   -Os  execution test
FAIL: gfortran.dg/specifics_1.f90   -O0  execution test
FAIL: gfortran.dg/specifics_1.f90   -O1  execution test
FAIL: gfortran.dg/specifics_1.f90   -O2  execution test
FAIL: gfortran.dg/specifics_1.f90   -O3 -fomit-frame-pointer -funroll-loops -fpeel-loops -ftracer -finline-functions  execution test
FAIL: gfortran.dg/specifics_1.f90   -O3 -g  execution test
FAIL: gfortran.dg/specifics_1.f90   -Os  execution test
FAIL: gfortran.dg/sum_init_expr.f03   -O0  execution test
FAIL: gfortran.dg/sum_init_expr.f03   -O1  execution test
FAIL: gfortran.dg/sum_init_expr.f03   -O2  execution test
FAIL: gfortran.dg/sum_init_expr.f03   -O3 -fomit-frame-pointer -funroll-loops -fpeel-loops -ftracer -finline-functions  execution test
FAIL: gfortran.dg/sum_init_expr.f03   -O3 -g  execution test
FAIL: gfortran.dg/sum_init_expr.f03   -Os  execution test
FAIL: gfortran.dg/vector_subscript_5.f90   -O0  execution test
FAIL: gfortran.dg/g77/cabs.f   -O0  execution test
FAIL: gfortran.dg/g77/intrinsic-unix-bessel.f   -O0  execution test
FAIL: gfortran.dg/g77/intrinsic-unix-erf.f   -O0  execution test
FAIL: gfortran.dg/ieee/ieee_2.f90   -O0  execution test
FAIL: gfortran.dg/ieee/ieee_2.f90   -O1  execution test
FAIL: gfortran.dg/ieee/ieee_2.f90   -O2  execution test
FAIL: gfortran.dg/ieee/ieee_2.f90   -O3 -fomit-frame-pointer -funroll-loops -fpeel-loops -ftracer -finline-functions  execution test
FAIL: gfortran.dg/ieee/ieee_2.f90   -O3 -g  execution test
FAIL: gfortran.dg/ieee/ieee_2.f90   -Os  execution test
FAIL: gfortran.dg/ieee/ieee_4.f90   -O0  execution test
FAIL: gfortran.dg/ieee/ieee_4.f90   -O1  execution test
FAIL: gfortran.dg/ieee/ieee_4.f90   -O2  execution test
FAIL: gfortran.dg/ieee/ieee_4.f90   -O3 -fomit-frame-pointer -funroll-loops -fpeel-loops -ftracer -finline-functions  execution test
FAIL: gfortran.dg/ieee/ieee_4.f90   -O3 -g  execution test
FAIL: gfortran.dg/ieee/ieee_4.f90   -Os  execution test
FAIL: gfortran.dg/ieee/intrinsics_1.f90   -O0  execution test
FAIL: gfortran.dg/ieee/intrinsics_1.f90   -O1  execution test
FAIL: gfortran.dg/ieee/intrinsics_1.f90   -O2  execution test
FAIL: gfortran.dg/ieee/intrinsics_1.f90   -O3 -fomit-frame-pointer -funroll-loops -fpeel-loops -ftracer -finline-functions  execution test
FAIL: gfortran.dg/ieee/intrinsics_1.f90   -O3 -g  execution test
FAIL: gfortran.dg/ieee/intrinsics_1.f90   -Os  execution test
FAIL: gfortran.dg/ieee/intrinsics_2.F90   -O0  execution test
FAIL: gfortran.dg/ieee/intrinsics_2.F90   -O1  execution test
FAIL: gfortran.dg/ieee/intrinsics_2.F90   -O2  execution test
FAIL: gfortran.dg/ieee/intrinsics_2.F90   -O3 -fomit-frame-pointer -funroll-loops -fpeel-loops -ftracer -finline-functions  execution test
FAIL: gfortran.dg/ieee/intrinsics_2.F90   -O3 -g  execution test
FAIL: gfortran.dg/ieee/intrinsics_2.F90   -Os  execution test
FAIL: gfortran.dg/ieee/large_1.f90   -O0  execution test
FAIL: gfortran.dg/ieee/large_1.f90   -O1  execution test
FAIL: gfortran.dg/ieee/large_1.f90   -O2  execution test
FAIL: gfortran.dg/ieee/large_1.f90   -O3 -fomit-frame-pointer -funroll-loops -fpeel-loops -ftracer -finline-functions  execution test
FAIL: gfortran.dg/ieee/large_1.f90   -O3 -g  execution test
FAIL: gfortran.dg/ieee/large_1.f90   -Os  execution test
FAIL: gfortran.dg/ieee/large_2.f90   -O0  execution test
FAIL: gfortran.dg/ieee/large_2.f90   -O1  execution test
FAIL: gfortran.dg/ieee/large_2.f90   -O2  execution test
FAIL: gfortran.dg/ieee/large_2.f90   -O3 -fomit-frame-pointer -funroll-loops -fpeel-loops -ftracer -finline-functions  execution test
FAIL: gfortran.dg/ieee/large_2.f90   -O3 -g  execution test
FAIL: gfortran.dg/ieee/large_2.f90   -Os  execution test
FAIL: gfortran.dg/ieee/rounding_1.f90   -O0  execution test
FAIL: gfortran.dg/ieee/rounding_1.f90   -O1  execution test
FAIL: gfortran.dg/ieee/rounding_1.f90   -O2  execution test
FAIL: gfortran.dg/ieee/rounding_1.f90   -O3 -fomit-frame-pointer -funroll-loops -fpeel-loops -ftracer -finline-functions  execution test
FAIL: gfortran.dg/ieee/rounding_1.f90   -O3 -g  execution test
FAIL: gfortran.dg/ieee/rounding_1.f90   -Os  execution test
FAIL: gfortran.fortran-torture/execute/intrinsic_abs.f90 execution,  -O0 
FAIL: gfortran.fortran-torture/execute/intrinsic_fraction_exponent.f90 execution,  -O0 
FAIL: gfortran.fortran-torture/execute/intrinsic_fraction_exponent.f90 execution,  -O1 
FAIL: gfortran.fortran-torture/execute/intrinsic_fraction_exponent.f90 execution,  -O2 
FAIL: gfortran.fortran-torture/execute/intrinsic_fraction_exponent.f90 execution,  -O2 -fbounds-check 
FAIL: gfortran.fortran-torture/execute/intrinsic_fraction_exponent.f90 execution,  -O2 -fomit-frame-pointer -finline-functions 
FAIL: gfortran.fortran-torture/execute/intrinsic_fraction_exponent.f90 execution,  -O2 -fomit-frame-pointer -finline-functions -funroll-loops 
FAIL: gfortran.fortran-torture/execute/intrinsic_fraction_exponent.f90 execution,  -O3 -g 
FAIL: gfortran.fortran-torture/execute/intrinsic_fraction_exponent.f90 execution,  -Os 
FAIL: gfortran.fortran-torture/execute/intrinsic_matmul.f90 execution,  -O0 
FAIL: gfortran.fortran-torture/execute/intrinsic_nearest.f90 execution,  -O0 
FAIL: gfortran.fortran-torture/execute/intrinsic_nearest.f90 execution,  -O1 
FAIL: gfortran.fortran-torture/execute/intrinsic_nearest.f90 execution,  -O2 
FAIL: gfortran.fortran-torture/execute/intrinsic_nearest.f90 execution,  -O2 -fbounds-check 
FAIL: gfortran.fortran-torture/execute/intrinsic_nearest.f90 execution,  -O2 -fomit-frame-pointer -finline-functions 
FAIL: gfortran.fortran-torture/execute/intrinsic_nearest.f90 execution,  -O2 -fomit-frame-pointer -finline-functions -funroll-loops 
FAIL: gfortran.fortran-torture/execute/intrinsic_nearest.f90 execution,  -O3 -g 
FAIL: gfortran.fortran-torture/execute/intrinsic_nearest.f90 execution,  -Os 
FAIL: gfortran.fortran-torture/execute/intrinsic_rrspacing.f90 execution,  -O0 
FAIL: gfortran.fortran-torture/execute/intrinsic_rrspacing.f90 execution,  -O1 
FAIL: gfortran.fortran-torture/execute/intrinsic_rrspacing.f90 execution,  -O2 
FAIL: gfortran.fortran-torture/execute/intrinsic_rrspacing.f90 execution,  -O2 -fbounds-check 
FAIL: gfortran.fortran-torture/execute/intrinsic_rrspacing.f90 execution,  -O2 -fomit-frame-pointer -finline-functions 
FAIL: gfortran.fortran-torture/execute/intrinsic_rrspacing.f90 execution,  -O2 -fomit-frame-pointer -finline-functions -funroll-loops 
FAIL: gfortran.fortran-torture/execute/intrinsic_rrspacing.f90 execution,  -O3 -g 
FAIL: gfortran.fortran-torture/execute/intrinsic_rrspacing.f90 execution,  -Os 
FAIL: gfortran.fortran-torture/execute/intrinsic_scale.f90 execution,  -O0 
FAIL: gfortran.fortran-torture/execute/intrinsic_scale.f90 execution,  -O1 
FAIL: gfortran.fortran-torture/execute/intrinsic_scale.f90 execution,  -O2 
FAIL: gfortran.fortran-torture/execute/intrinsic_scale.f90 execution,  -O2 -fbounds-check 
FAIL: gfortran.fortran-torture/execute/intrinsic_scale.f90 execution,  -O2 -fomit-frame-pointer -finline-functions 
FAIL: gfortran.fortran-torture/execute/intrinsic_scale.f90 execution,  -O2 -fomit-frame-pointer -finline-functions -funroll-loops 
FAIL: gfortran.fortran-torture/execute/intrinsic_scale.f90 execution,  -O3 -g 
FAIL: gfortran.fortran-torture/execute/intrinsic_scale.f90 execution,  -Os 
FAIL: gfortran.fortran-torture/execute/intrinsic_set_exponent.f90 execution,  -O0 
FAIL: gfortran.fortran-torture/execute/intrinsic_spacing.f90 execution,  -O0 
FAIL: gfortran.fortran-torture/execute/intrinsic_spacing.f90 execution,  -O1 
FAIL: gfortran.fortran-torture/execute/intrinsic_spacing.f90 execution,  -O2 
FAIL: gfortran.fortran-torture/execute/intrinsic_spacing.f90 execution,  -O2 -fbounds-check 
FAIL: gfortran.fortran-torture/execute/intrinsic_spacing.f90 execution,  -O2 -fomit-frame-pointer -finline-functions 
FAIL: gfortran.fortran-torture/execute/intrinsic_spacing.f90 execution,  -O2 -fomit-frame-pointer -finline-functions -funroll-loops 
FAIL: gfortran.fortran-torture/execute/intrinsic_spacing.f90 execution,  -O3 -g 
FAIL: gfortran.fortran-torture/execute/intrinsic_spacing.f90 execution,  -Os 
FAIL: gfortran.fortran-torture/execute/iolength_1.f90 execution,  -O0 
FAIL: gfortran.fortran-torture/execute/iolength_1.f90 execution,  -O1 
FAIL: gfortran.fortran-torture/execute/iolength_1.f90 execution,  -O2 
FAIL: gfortran.fortran-torture/execute/iolength_1.f90 execution,  -O2 -fbounds-check 
FAIL: gfortran.fortran-torture/execute/iolength_1.f90 execution,  -O2 -fomit-frame-pointer -finline-functions 
FAIL: gfortran.fortran-torture/execute/iolength_1.f90 execution,  -O2 -fomit-frame-pointer -finline-functions -funroll-loops 
FAIL: gfortran.fortran-torture/execute/iolength_1.f90 execution,  -O3 -g 
FAIL: gfortran.fortran-torture/execute/iolength_1.f90 execution,  -Os 
FAIL: gfortran.fortran-torture/execute/nan_inf_fmt.f90 execution,  -O0 
FAIL: gfortran.fortran-torture/execute/nan_inf_fmt.f90 execution,  -O1 
FAIL: gfortran.fortran-torture/execute/nan_inf_fmt.f90 execution,  -O2 
FAIL: gfortran.fortran-torture/execute/nan_inf_fmt.f90 execution,  -O2 -fbounds-check 
FAIL: gfortran.fortran-torture/execute/nan_inf_fmt.f90 execution,  -O2 -fomit-frame-pointer -finline-functions 
FAIL: gfortran.fortran-torture/execute/nan_inf_fmt.f90 execution,  -O2 -fomit-frame-pointer -finline-functions -funroll-loops 
FAIL: gfortran.fortran-torture/execute/nan_inf_fmt.f90 execution,  -O3 -g 
FAIL: gfortran.fortran-torture/execute/nan_inf_fmt.f90 execution,  -Os 
FAIL: gfortran.fortran-torture/execute/power.f90 execution,  -O0 
FAIL: gfortran.fortran-torture/execute/random_2.f90 execution,  -O0 
FAIL: gfortran.fortran-torture/execute/random_2.f90 execution,  -O1 
FAIL: gfortran.fortran-torture/execute/random_2.f90 execution,  -O2 
FAIL: gfortran.fortran-torture/execute/random_2.f90 execution,  -O2 -fbounds-check 
FAIL: gfortran.fortran-torture/execute/random_2.f90 execution,  -O2 -fomit-frame-pointer -finline-functions 
FAIL: gfortran.fortran-torture/execute/random_2.f90 execution,  -O2 -fomit-frame-pointer -finline-functions -funroll-loops 
FAIL: gfortran.fortran-torture/execute/random_2.f90 execution,  -O3 -g 
FAIL: gfortran.fortran-torture/execute/random_2.f90 execution,  -Os 
FAIL: gfortran.fortran-torture/execute/specifics.f90 execution,  -O0 
FAIL: gfortran.fortran-torture/execute/specifics.f90 execution,  -O1 
FAIL: gfortran.fortran-torture/execute/specifics.f90 execution,  -O2 
FAIL: gfortran.fortran-torture/execute/specifics.f90 execution,  -O2 -fbounds-check 
FAIL: gfortran.fortran-torture/execute/specifics.f90 execution,  -O2 -fomit-frame-pointer -finline-functions 
FAIL: gfortran.fortran-torture/execute/specifics.f90 execution,  -O2 -fomit-frame-pointer -finline-functions -funroll-loops 
FAIL: gfortran.fortran-torture/execute/specifics.f90 execution,  -O3 -g 
FAIL: gfortran.fortran-torture/execute/specifics.f90 execution,  -Os 

		=== gfortran Summary for unix/-mabi=32 ===

# of expected passes		64832
# of unexpected failures	494
# of expected failures		274
# of unresolved testcases	1
# of unsupported tests		515

Running target unix/-mabi=64
FAIL: gfortran.dg/bind_c_array_params_2.f90   -O   scan-assembler-times [ \\t][\$,_0-9]*myBindC 1
FAIL: gfortran.dg/pr95690.f90   -O   (test for errors, line 6)
FAIL: gfortran.dg/pr95690.f90   -O  (test for excess errors)

		=== gfortran Summary for unix/-mabi=64 ===

# of expected passes		66022
# of unexpected failures	3
# of expected failures		272
# of unsupported tests		181

Running target unix/-mabi=n32
FAIL: gfortran.dg/bind_c_array_params_2.f90   -O   scan-assembler-times [ \\t][\$,_0-9]*myBindC 1
FAIL: gfortran.dg/pr95690.f90   -O   (test for errors, line 6)
FAIL: gfortran.dg/pr95690.f90   -O  (test for excess errors)

		=== gfortran Summary for unix/-mabi=n32 ===

# of expected passes		66020
# of unexpected failures	3
# of expected failures		274
# of unsupported tests		181

		=== gfortran Summary ===

# of expected passes		196874
# of unexpected failures	500
# of expected failures		820
# of unresolved testcases	1
# of unsupported tests		877
/var/tmp/portage/sys-devel/gcc-12.5.0-r5/work/build/gcc/gfortran  version 12.5.0 (Gentoo 12.5.0-r5 p3) 

		=== g++ tests ===


Running target unix/-mabi=32
FAIL: c-c++-common/patchable_function_entry-decl.c  -std=gnu++14  scan-assembler-times nop|NOP|SWYM 2
FAIL: c-c++-common/patchable_function_entry-decl.c  -std=gnu++17  scan-assembler-times nop|NOP|SWYM 2
FAIL: c-c++-common/patchable_function_entry-decl.c  -std=gnu++20  scan-assembler-times nop|NOP|SWYM 2
FAIL: c-c++-common/patchable_function_entry-decl.c  -std=gnu++98  scan-assembler-times nop|NOP|SWYM 2
FAIL: c-c++-common/patchable_function_entry-default.c  -std=gnu++14  scan-assembler-times nop|NOP|SWYM 3
FAIL: c-c++-common/patchable_function_entry-default.c  -std=gnu++17  scan-assembler-times nop|NOP|SWYM 3
FAIL: c-c++-common/patchable_function_entry-default.c  -std=gnu++20  scan-assembler-times nop|NOP|SWYM 3
FAIL: c-c++-common/patchable_function_entry-default.c  -std=gnu++98  scan-assembler-times nop|NOP|SWYM 3
FAIL: c-c++-common/patchable_function_entry-definition.c  -std=gnu++14  scan-assembler-times nop|NOP|SWYM 1
FAIL: c-c++-common/patchable_function_entry-definition.c  -std=gnu++17  scan-assembler-times nop|NOP|SWYM 1
FAIL: c-c++-common/patchable_function_entry-definition.c  -std=gnu++20  scan-assembler-times nop|NOP|SWYM 1
FAIL: c-c++-common/patchable_function_entry-definition.c  -std=gnu++98  scan-assembler-times nop|NOP|SWYM 1
FAIL: c-c++-common/spec-barrier-1.c  -std=gnu++14 (test for excess errors)
FAIL: c-c++-common/spec-barrier-1.c  -std=gnu++17 (test for excess errors)
FAIL: c-c++-common/spec-barrier-1.c  -std=gnu++20 (test for excess errors)
FAIL: c-c++-common/spec-barrier-1.c  -std=gnu++98 (test for excess errors)
FAIL: g++.dg/cdce3.C  -std=gnu++14 execution test
FAIL: g++.dg/cdce3.C  -std=gnu++17 execution test
FAIL: g++.dg/cdce3.C  -std=gnu++20 execution test
FAIL: g++.dg/cdce3.C  -std=gnu++98 execution test
FAIL: g++.dg/opt/const4.C  -std=c++14  scan-assembler-symbol-section symbol constant_variable (found _ZL17constant_variable) has section ^\\\\.(const|rodata)|\\\\[RO\\\\] (found .text)
FAIL: g++.dg/opt/const4.C  -std=c++17  scan-assembler-symbol-section symbol constant_variable (found _ZL17constant_variable) has section ^\\\\.(const|rodata)|\\\\[RO\\\\] (found .text)
FAIL: g++.dg/opt/const4.C  -std=c++20  scan-assembler-symbol-section symbol constant_variable (found _ZL17constant_variable) has section ^\\\\.(const|rodata)|\\\\[RO\\\\] (found .text)
FAIL: g++.dg/opt/const4.C  -std=c++98  scan-assembler-symbol-section symbol constant_variable (found _ZL17constant_variable) has section ^\\\\.(const|rodata)|\\\\[RO\\\\] (found .text)
FAIL: g++.dg/opt/const7.C  -std=c++14  scan-assembler-symbol-section symbol b_var (found _ZL5b_var) has section ^\\\\.(const|rodata)|\\\\[RO\\\\] (found .text)
FAIL: g++.dg/opt/const7.C  -std=c++17  scan-assembler-symbol-section symbol b_var (found _ZL5b_var) has section ^\\\\.(const|rodata)|\\\\[RO\\\\] (found .text)
FAIL: g++.dg/opt/const7.C  -std=c++20  scan-assembler-symbol-section symbol b_var (found _ZL5b_var) has section ^\\\\.(const|rodata)|\\\\[RO\\\\] (found .text)
FAIL: g++.dg/lto/pr64076 cp_lto_pr64076_0.o-cp_lto_pr64076_1.o link,  -O0 -flto -shared -fPIC 
FAIL: c-c++-common/torture/complex-sign-mul-minus-one.c   -O0  execution test
FAIL: c-c++-common/torture/complex-sign-mul-minus-one.c   -Os  execution test
FAIL: c-c++-common/torture/complex-sign-mul-one.c   -O0  execution test
FAIL: c-c++-common/torture/complex-sign-mul-one.c   -Os  execution test
FAIL: c-c++-common/torture/complex-sign-mul.c   -O0  execution test
FAIL: c-c++-common/torture/complex-sign-mul.c   -Os  execution test
FAIL: g++.dg/tree-prof/partition3.C compilation,  -fprofile-generate -D_PROFILE_GENERATE
UNRESOLVED: g++.dg/tree-prof/partition3.C compilation,  -fprofile-use -D_PROFILE_USE
UNRESOLVED: g++.dg/tree-prof/partition3.C execution,    -fprofile-generate -D_PROFILE_GENERATE
UNRESOLVED: g++.dg/tree-prof/partition3.C execution,    -fprofile-use -D_PROFILE_USE

		=== g++ Summary for unix/-mabi=32 ===

# of expected passes		218524
# of unexpected failures	35
# of expected failures		1927
# of unresolved testcases	3
# of unsupported tests		10370

Running target unix/-mabi=64
FAIL: c-c++-common/spec-barrier-1.c  -std=gnu++14 (test for excess errors)
FAIL: c-c++-common/spec-barrier-1.c  -std=gnu++17 (test for excess errors)
FAIL: c-c++-common/spec-barrier-1.c  -std=gnu++20 (test for excess errors)
FAIL: c-c++-common/spec-barrier-1.c  -std=gnu++98 (test for excess errors)
FAIL: g++.dg/opt/const4.C  -std=c++14  scan-assembler-symbol-section symbol constant_variable (found _ZL17constant_variable) has section ^\\\\.(const|rodata)|\\\\[RO\\\\] (found .text)
FAIL: g++.dg/opt/const4.C  -std=c++17  scan-assembler-symbol-section symbol constant_variable (found _ZL17constant_variable) has section ^\\\\.(const|rodata)|\\\\[RO\\\\] (found .text)
FAIL: g++.dg/opt/const4.C  -std=c++20  scan-assembler-symbol-section symbol constant_variable (found _ZL17constant_variable) has section ^\\\\.(const|rodata)|\\\\[RO\\\\] (found .text)
FAIL: g++.dg/opt/const4.C  -std=c++98  scan-assembler-symbol-section symbol constant_variable (found _ZL17constant_variable) has section ^\\\\.(const|rodata)|\\\\[RO\\\\] (found .text)
FAIL: g++.dg/opt/const7.C  -std=c++14  scan-assembler-symbol-section symbol b_var (found _ZL5b_var) has section ^\\\\.(const|rodata)|\\\\[RO\\\\] (found .text)
FAIL: g++.dg/opt/const7.C  -std=c++17  scan-assembler-symbol-section symbol b_var (found _ZL5b_var) has section ^\\\\.(const|rodata)|\\\\[RO\\\\] (found .text)
FAIL: g++.dg/opt/const7.C  -std=c++20  scan-assembler-symbol-section symbol b_var (found _ZL5b_var) has section ^\\\\.(const|rodata)|\\\\[RO\\\\] (found .text)
FAIL: g++.dg/lto/pr64076 cp_lto_pr64076_0.o-cp_lto_pr64076_1.o link,  -O0 -flto -shared -fPIC 
FAIL: g++.dg/modules/class-6 -std=c++17 execute
FAIL: g++.dg/modules/class-6 -std=c++2a execute
FAIL: g++.dg/modules/class-6 -std=c++2b execute
FAIL: g++.dg/tree-prof/partition3.C compilation,  -fprofile-generate -D_PROFILE_GENERATE
UNRESOLVED: g++.dg/tree-prof/partition3.C compilation,  -fprofile-use -D_PROFILE_USE
UNRESOLVED: g++.dg/tree-prof/partition3.C execution,    -fprofile-generate -D_PROFILE_GENERATE
UNRESOLVED: g++.dg/tree-prof/partition3.C execution,    -fprofile-use -D_PROFILE_USE

		=== g++ Summary for unix/-mabi=64 ===

# of expected passes		221298
# of unexpected failures	16
# of expected failures		1935
# of unresolved testcases	3
# of unsupported tests		10261

Running target unix/-mabi=n32
FAIL: c-c++-common/spec-barrier-1.c  -std=gnu++14 (test for excess errors)
FAIL: c-c++-common/spec-barrier-1.c  -std=gnu++17 (test for excess errors)
FAIL: c-c++-common/spec-barrier-1.c  -std=gnu++20 (test for excess errors)
FAIL: c-c++-common/spec-barrier-1.c  -std=gnu++98 (test for excess errors)
FAIL: g++.dg/opt/const4.C  -std=c++14  scan-assembler-symbol-section symbol constant_variable (found _ZL17constant_variable) has section ^\\\\.(const|rodata)|\\\\[RO\\\\] (found .text)
FAIL: g++.dg/opt/const4.C  -std=c++17  scan-assembler-symbol-section symbol constant_variable (found _ZL17constant_variable) has section ^\\\\.(const|rodata)|\\\\[RO\\\\] (found .text)
FAIL: g++.dg/opt/const4.C  -std=c++20  scan-assembler-symbol-section symbol constant_variable (found _ZL17constant_variable) has section ^\\\\.(const|rodata)|\\\\[RO\\\\] (found .text)
FAIL: g++.dg/opt/const4.C  -std=c++98  scan-assembler-symbol-section symbol constant_variable (found _ZL17constant_variable) has section ^\\\\.(const|rodata)|\\\\[RO\\\\] (found .text)
FAIL: g++.dg/opt/const7.C  -std=c++14  scan-assembler-symbol-section symbol b_var (found _ZL5b_var) has section ^\\\\.(const|rodata)|\\\\[RO\\\\] (found .text)
FAIL: g++.dg/opt/const7.C  -std=c++17  scan-assembler-symbol-section symbol b_var (found _ZL5b_var) has section ^\\\\.(const|rodata)|\\\\[RO\\\\] (found .text)
FAIL: g++.dg/opt/const7.C  -std=c++20  scan-assembler-symbol-section symbol b_var (found _ZL5b_var) has section ^\\\\.(const|rodata)|\\\\[RO\\\\] (found .text)
FAIL: g++.dg/lto/pr64076 cp_lto_pr64076_0.o-cp_lto_pr64076_1.o link,  -O0 -flto -shared -fPIC 
FAIL: g++.dg/modules/class-6 -std=c++17 execute
FAIL: g++.dg/modules/class-6 -std=c++2a execute
FAIL: g++.dg/modules/class-6 -std=c++2b execute
FAIL: g++.dg/tree-prof/partition3.C compilation,  -fprofile-generate -D_PROFILE_GENERATE
UNRESOLVED: g++.dg/tree-prof/partition3.C compilation,  -fprofile-use -D_PROFILE_USE
UNRESOLVED: g++.dg/tree-prof/partition3.C execution,    -fprofile-generate -D_PROFILE_GENERATE
UNRESOLVED: g++.dg/tree-prof/partition3.C execution,    -fprofile-use -D_PROFILE_USE

		=== g++ Summary for unix/-mabi=n32 ===

# of expected passes		221341
# of unexpected failures	16
# of expected failures		1927
# of unresolved testcases	3
# of unsupported tests		10285

		=== g++ Summary ===

# of expected passes		661163
# of unexpected failures	67
# of expected failures		5789
# of unresolved testcases	9
# of unsupported tests		30916
/var/tmp/portage/sys-devel/gcc-12.5.0-r5/work/build/gcc/xg++  version 12.5.0 (Gentoo 12.5.0-r5 p3) 

		=== obj-c++ tests ===


Running target unix/-mabi=64

		=== obj-c++ Summary for unix/-mabi=64 ===

# of expected passes		1502
# of expected failures		10
# of unsupported tests		79

Running target unix/-mabi=n32

		=== obj-c++ Summary for unix/-mabi=n32 ===

# of expected passes		1510
# of expected failures		2
# of unsupported tests		79

Running target unix/-mabi=32

		=== obj-c++ Summary for unix/-mabi=32 ===

# of expected passes		1510
# of expected failures		2
# of unsupported tests		79

		=== obj-c++ Summary ===

# of expected passes		4522
# of expected failures		14
# of unsupported tests		237
/var/tmp/portage/sys-devel/gcc-12.5.0-r5/work/build/gcc/xg++  version 12.5.0 (Gentoo 12.5.0-r5 p3) 

		=== objc tests ===


Running target unix/-mabi=32

		=== objc Summary for unix/-mabi=32 ===

# of expected passes		2846
# of unsupported tests		71

Running target unix/-mabi=64

		=== objc Summary for unix/-mabi=64 ===

# of expected passes		2846
# of unsupported tests		71

Running target unix/-mabi=n32

		=== objc Summary for unix/-mabi=n32 ===

# of expected passes		2846
# of unsupported tests		71

		=== objc Summary ===

# of expected passes		8538
# of unsupported tests		213
/var/tmp/portage/sys-devel/gcc-12.5.0-r5/work/build/gcc/xgcc  version 12.5.0 (Gentoo 12.5.0-r5 p3) 

		=== libatomic tests ===


Running target unix/-mabi=64

		=== libatomic Summary for unix/-mabi=64 ===

# of expected passes		54

Running target unix/-mabi=n32

		=== libatomic Summary for unix/-mabi=n32 ===

# of expected passes		54

Running target unix/-mabi=32

		=== libatomic Summary for unix/-mabi=32 ===

# of expected passes		44
# of unsupported tests		5

		=== libatomic Summary ===

# of expected passes		152
# of unsupported tests		5
		=== libgomp tests ===


Running target unix/-mabi=32
FAIL: libgomp.c++/../libgomp.c-c++-common/lastprivate-conditional-1.c (test for excess errors)
FAIL: libgomp.c++/../libgomp.c-c++-common/lastprivate-conditional-2.c (test for excess errors)
FAIL: libgomp.c++/copyin-1.C (test for excess errors)
FAIL: libgomp.c/../libgomp.c-c++-common/lastprivate-conditional-1.c (test for excess errors)
FAIL: libgomp.c/../libgomp.c-c++-common/lastprivate-conditional-2.c (test for excess errors)
FAIL: libgomp.c/copyin-1.c (test for excess errors)
FAIL: libgomp.fortran/threadprivate2.f90   -Os  (test for excess errors)
FAIL: libgomp.fortran/threadprivate3.f90   -O3 -fomit-frame-pointer -funroll-loops -fpeel-loops -ftracer -finline-functions  (test for excess errors)

		=== libgomp Summary for unix/-mabi=32 ===

# of expected passes		13818
# of unexpected failures	8
# of expected failures		193
# of unsupported tests		607

Running target unix/-mabi=64

		=== libgomp Summary for unix/-mabi=64 ===

# of expected passes		13827
# of expected failures		193
# of unsupported tests		606

Running target unix/-mabi=n32

		=== libgomp Summary for unix/-mabi=n32 ===

# of expected passes		13827
# of expected failures		193
# of unsupported tests		606

		=== libgomp Summary ===

# of expected passes		41472
# of unexpected failures	8
# of expected failures		579
# of unsupported tests		1819
		=== libstdc++ tests ===


Running target unix/-mabi=32
FAIL: libstdc++-abi/abi_check
FAIL: 20_util/from_chars/4.cc execution test
FAIL: 20_util/monotonic_buffer_resource/allocate.cc execution test
FAIL: 20_util/monotonic_buffer_resource/deallocate.cc execution test
FAIL: 20_util/monotonic_buffer_resource/release.cc execution test
FAIL: 20_util/to_chars/float.cc execution test
FAIL: 26_numerics/complex/13450.cc execution test
FAIL: 26_numerics/complex/inserters_extractors/char/1.cc execution test
FAIL: 26_numerics/complex/inserters_extractors/wchar_t/1.cc execution test
FAIL: 27_io/basic_istream/extractors_arithmetic/char/01.cc execution test
FAIL: 27_io/basic_istream/extractors_arithmetic/char/07.cc execution test
FAIL: 27_io/basic_istream/extractors_arithmetic/wchar_t/01.cc execution test
FAIL: 27_io/basic_istream/extractors_arithmetic/wchar_t/07.cc execution test
FAIL: 29_atomics/atomic_float/wait_notify.cc (test for excess errors)
UNRESOLVED: 29_atomics/atomic_float/wait_notify.cc compilation failed to produce executable
FAIL: 29_atomics/atomic_integral/wait_notify.cc (test for excess errors)
UNRESOLVED: 29_atomics/atomic_integral/wait_notify.cc compilation failed to produce executable

		=== libstdc++ Summary for unix/-mabi=32 ===

# of expected passes		14529
# of unexpected failures	15
# of expected failures		96
# of unresolved testcases	2
# of unsupported tests		716

Running target unix/-mabi=64
FAIL: libstdc++-abi/abi_check

		=== libstdc++ Summary for unix/-mabi=64 ===

# of expected passes		14544
# of unexpected failures	1
# of expected failures		96
# of unsupported tests		717

Running target unix/-mabi=n32
FAIL: libstdc++-abi/abi_check

		=== libstdc++ Summary for unix/-mabi=n32 ===

# of expected passes		14546
# of unexpected failures	1
# of expected failures		96
# of unsupported tests		716

		=== libstdc++ Summary ===

# of expected passes		43619
# of unexpected failures	17
# of expected failures		288
# of unresolved testcases	2
# of unsupported tests		2149

Compiler version: 12.5.0 (Gentoo 12.5.0-r5 p3) 
Platform: mips64el-unknown-linux-gnu
configure flags: --host=mips64el-unknown-linux-gnu --build=mips64el-unknown-linux-gnu --prefix=/usr --bindir=/usr/mips64el-unknown-linux-gnu/gcc-bin/12 --includedir=/usr/lib/gcc/mips64el-unknown-linux-gnu/12/include --datadir=/usr/share/gcc-data/mips64el-unknown-linux-gnu/12 --mandir=/usr/share/gcc-data/mips64el-unknown-linux-gnu/12/man --infodir=/usr/share/gcc-data/mips64el-unknown-linux-gnu/12/info --with-gxx-include-dir=/usr/lib/gcc/mips64el-unknown-linux-gnu/12/include/g++-v12 --with-python-dir=/share/gcc-data/mips64el-unknown-linux-gnu/12/python --enable-languages=c,c++,objc,obj-c++,fortran --enable-secureplt --with-system-zlib --enable-werror --enable-nls --without-included-gettext --enable-checking=release --with-bugurl=https://bugs.gentoo.org/ --with-pkgversion='Gentoo 12.5.0-r5 p3' --with-gcc-major-version-only --enable-libstdcxx-time --disable-libstdcxx-pch --enable-shared --enable-threads=posix --enable-__cxa_atexit --enable-clocale=gnu --enable-multilib --disable-fixed-point --with-abi=64 --enable-libgomp --disable-libssp --disable-libada --disable-systemtap --disable-valgrind-annotations --disable-vtable-verify --disable-libvtv --with-zstd --enable-lto --enable-plugin --with-isl --disable-libsanitizer --enable-default-pie --disable-default-ssp
EOF
Mail -s "Results for 12.5.0 (Gentoo 12.5.0-r5 p3) testsuite on mips64el-unknown-linux-gnu" gcc-testresults@gcc.gnu.org &&
mv /var/tmp/portage/sys-devel/gcc-12.5.0-r5/work/build/./gcc/testsuite/gcc/gcc.sum /var/tmp/portage/sys-devel/gcc-12.5.0-r5/work/build/./gcc/testsuite/gcc/gcc.sum.sent &&
mv /var/tmp/portage/sys-devel/gcc-12.5.0-r5/work/build/./gcc/testsuite/gfortran/gfortran.sum /var/tmp/portage/sys-devel/gcc-12.5.0-r5/work/build/./gcc/testsuite/gfortran/gfortran.sum.sent &&
mv /var/tmp/portage/sys-devel/gcc-12.5.0-r5/work/build/./gcc/testsuite/g++/g++.sum /var/tmp/portage/sys-devel/gcc-12.5.0-r5/work/build/./gcc/testsuite/g++/g++.sum.sent &&
mv /var/tmp/portage/sys-devel/gcc-12.5.0-r5/work/build/./gcc/testsuite/obj-c++/obj-c++.sum /var/tmp/portage/sys-devel/gcc-12.5.0-r5/work/build/./gcc/testsuite/obj-c++/obj-c++.sum.sent &&
mv /var/tmp/portage/sys-devel/gcc-12.5.0-r5/work/build/./gcc/testsuite/objc/objc.sum /var/tmp/portage/sys-devel/gcc-12.5.0-r5/work/build/./gcc/testsuite/objc/objc.sum.sent &&
mv /var/tmp/portage/sys-devel/gcc-12.5.0-r5/work/build/./mips64el-unknown-linux-gnu/libatomic/testsuite/libatomic.sum /var/tmp/portage/sys-devel/gcc-12.5.0-r5/work/build/./mips64el-unknown-linux-gnu/libatomic/testsuite/libatomic.sum.sent &&
mv /var/tmp/portage/sys-devel/gcc-12.5.0-r5/work/build/./mips64el-unknown-linux-gnu/libgomp/testsuite/libgomp.sum /var/tmp/portage/sys-devel/gcc-12.5.0-r5/work/build/./mips64el-unknown-linux-gnu/libgomp/testsuite/libgomp.sum.sent &&
mv /var/tmp/portage/sys-devel/gcc-12.5.0-r5/work/build/./mips64el-unknown-linux-gnu/libstdc++-v3/testsuite/libstdc++.sum /var/tmp/portage/sys-devel/gcc-12.5.0-r5/work/build/./mips64el-unknown-linux-gnu/libstdc++-v3/testsuite/libstdc++.sum.sent &&
mv /var/tmp/portage/sys-devel/gcc-12.5.0-r5/work/build/./gcc/testsuite/gcc/gcc.log /var/tmp/portage/sys-devel/gcc-12.5.0-r5/work/build/./gcc/testsuite/gcc/gcc.log.sent &&
mv /var/tmp/portage/sys-devel/gcc-12.5.0-r5/work/build/./gcc/testsuite/gfortran/gfortran.log /var/tmp/portage/sys-devel/gcc-12.5.0-r5/work/build/./gcc/testsuite/gfortran/gfortran.log.sent &&
mv /var/tmp/portage/sys-devel/gcc-12.5.0-r5/work/build/./gcc/testsuite/g++/g++.log /var/tmp/portage/sys-devel/gcc-12.5.0-r5/work/build/./gcc/testsuite/g++/g++.log.sent &&
mv /var/tmp/portage/sys-devel/gcc-12.5.0-r5/work/build/./gcc/testsuite/obj-c++/obj-c++.log /var/tmp/portage/sys-devel/gcc-12.5.0-r5/work/build/./gcc/testsuite/obj-c++/obj-c++.log.sent &&
mv /var/tmp/portage/sys-devel/gcc-12.5.0-r5/work/build/./gcc/testsuite/objc/objc.log /var/tmp/portage/sys-devel/gcc-12.5.0-r5/work/build/./gcc/testsuite/objc/objc.log.sent &&
mv /var/tmp/portage/sys-devel/gcc-12.5.0-r5/work/build/./mips64el-unknown-linux-gnu/libatomic/testsuite/libatomic.log /var/tmp/portage/sys-devel/gcc-12.5.0-r5/work/build/./mips64el-unknown-linux-gnu/libatomic/testsuite/libatomic.log.sent &&
mv /var/tmp/portage/sys-devel/gcc-12.5.0-r5/work/build/./mips64el-unknown-linux-gnu/libgomp/testsuite/libgomp.log /var/tmp/portage/sys-devel/gcc-12.5.0-r5/work/build/./mips64el-unknown-linux-gnu/libgomp/testsuite/libgomp.log.sent &&
mv /var/tmp/portage/sys-devel/gcc-12.5.0-r5/work/build/./mips64el-unknown-linux-gnu/libstdc++-v3/testsuite/libstdc++.log /var/tmp/portage/sys-devel/gcc-12.5.0-r5/work/build/./mips64el-unknown-linux-gnu/libstdc++-v3/testsuite/libstdc++.log.sent &&
true
